This file contains any messages produced by compilers while
running configure, to aid debugging if configure makes a mistake.

It was created by gettext configure package, which was
generated by GNU Autoconf 2.71.  Invocation command line was

  $ ./configure --prefix=/Users/sedwards/gtk M4=/Users/sedwards/gtk/bin/m4 'ACLOCAL=/Users/sedwards/gtk/bin/aclocal -I /Users/sedwards/gtk/share/aclocal' --disable-dependency-tracking --without-libxml2 --disable-nls --disable-intl --no-create --no-recursion

## --------- ##
## Platform. ##
## --------- ##

hostname = sedwards-mini.local
uname -m = arm64
uname -r = 25.4.0
uname -s = Darwin
uname -v = Darwin Kernel Version 25.4.0: Thu Mar 19 19:31:09 PDT 2026; root:xnu-12377.101.15~1/RELEASE_ARM64_T8132

/usr/bin/uname -p = arm
/bin/uname -X     = unknown

/bin/arch              = unknown
/usr/bin/arch -k       = unknown
/usr/convex/getsysinfo = unknown
/usr/bin/hostinfo      = Mach kernel version:
	 Darwin Kernel Version 25.4.0: Thu Mar 19 19:31:09 PDT 2026; root:xnu-12377.101.15~1/RELEASE_ARM64_T8132
Kernel configured for up to 10 processors.
10 processors are physically available.
10 processors are logically available.
Processor type: arm64e (ARM64E)
Processors active: 0 1 2 3 4 5 6 7 8 9
Primary memory available: 16.00 gigabytes
Default processor set: 645 tasks, 2417 threads, 10 processors
Load average: 10.11, Mach factor: 4.70
/bin/machine           = unknown
/usr/bin/oslevel       = unknown
/bin/universe          = unknown

PATH: /Users/sedwards/gtk/bin/
PATH: /usr/bin/
PATH: /bin/
PATH: /usr/sbin/
PATH: /sbin/


## ----------- ##
## Core tests. ##
## ----------- ##

configure:1935: looking for aux files: config.guess config.sub missing install-sh
configure:1948:  trying ./build-aux/
configure:1977:   ./build-aux/config.guess found
configure:1977:   ./build-aux/config.sub found
configure:1977:   ./build-aux/missing found
configure:1959:   ./build-aux/install-sh found
configure:2123: checking for a BSD-compatible install
configure:2196: result: /usr/bin/install -c
configure:2207: checking whether sleep supports fractional seconds
configure:2221: result: yes
configure:2224: checking filesystem timestamp resolution
configure:2358: result: 2
configure:2363: checking whether build environment is sane
configure:2408: result: yes
configure:2576: checking for a race-free mkdir -p
configure:2620: result: ./build-aux/install-sh -c -d
configure:2627: checking for gawk
configure:2662: result: no
configure:2627: checking for mawk
configure:2662: result: no
configure:2627: checking for nawk
configure:2662: result: no
configure:2627: checking for awk
configure:2648: found /usr/bin/awk
configure:2659: result: awk
configure:2670: checking whether make sets $(MAKE)
configure:2693: result: yes
configure:2719: checking whether make supports nested variables
configure:2737: result: yes
configure:2750: checking xargs -n works
configure:2764: result: yes
configure:2845: checking whether UID '501' is supported by ustar format
configure:2851: result: yes
configure:2858: checking whether GID '20' is supported by ustar format
configure:2864: result: yes
configure:2872: checking how to create a ustar tar archive
configure:2883: tar --version
bsdtar 3.5.3 - libarchive 3.7.4 zlib/1.2.12 liblzma/5.4.3 bz2lib/1.0.8 
configure:2886: $? = 0
configure:2926: tardir=conftest.dir && eval tar --format=ustar -chf - "$tardir" >conftest.tar
configure:2929: $? = 0
configure:2933: tar -xf - <conftest.tar
configure:2936: $? = 0
configure:2938: cat conftest.dir/file
GrepMe
configure:2941: $? = 0
configure:2955: result: gnutar
configure:3025: checking build system type
configure:3040: result: aarch64-apple-darwin25.4.0
configure:3060: checking host system type
configure:3074: result: aarch64-apple-darwin25.4.0
configure:3984: checking that generated files are newer than configure
configure:3990: result: done
configure:4010: creating ./config.status

## ---------------- ##
## Cache variables. ##
## ---------------- ##

ac_cv_build=aarch64-apple-darwin25.4.0
ac_cv_env_CC_set=
ac_cv_env_CC_value=
ac_cv_env_CFLAGS_set=
ac_cv_env_CFLAGS_value=
ac_cv_env_CPPFLAGS_set=
ac_cv_env_CPPFLAGS_value=
ac_cv_env_CPP_set=
ac_cv_env_CPP_value=
ac_cv_env_CXXCPP_set=
ac_cv_env_CXXCPP_value=
ac_cv_env_CXXFLAGS_set=
ac_cv_env_CXXFLAGS_value=
ac_cv_env_CXX_set=
ac_cv_env_CXX_value=
ac_cv_env_DC_set=
ac_cv_env_DC_value=
ac_cv_env_DFLAGS_set=
ac_cv_env_DFLAGS_value=
ac_cv_env_EMACSLOADPATH_set=
ac_cv_env_EMACSLOADPATH_value=
ac_cv_env_EMACS_set=
ac_cv_env_EMACS_value=
ac_cv_env_LDFLAGS_set=
ac_cv_env_LDFLAGS_value=
ac_cv_env_LIBS_set=
ac_cv_env_LIBS_value=
ac_cv_env_LT_SYS_LIBRARY_PATH_set=
ac_cv_env_LT_SYS_LIBRARY_PATH_value=
ac_cv_env_M2C_set=
ac_cv_env_M2C_value=
ac_cv_env_M2FLAGS_set=
ac_cv_env_M2FLAGS_value=
ac_cv_env_OBJCFLAGS_set=
ac_cv_env_OBJCFLAGS_value=
ac_cv_env_OBJC_set=
ac_cv_env_OBJC_value=
ac_cv_env_YACC_set=
ac_cv_env_YACC_value=
ac_cv_env_YFLAGS_set=
ac_cv_env_YFLAGS_value=
ac_cv_env_build_alias_set=
ac_cv_env_build_alias_value=
ac_cv_env_host_alias_set=
ac_cv_env_host_alias_value=
ac_cv_env_target_alias_set=
ac_cv_env_target_alias_value=
ac_cv_host=aarch64-apple-darwin25.4.0
ac_cv_path_install='/usr/bin/install -c'
ac_cv_prog_AWK=awk
ac_cv_prog_make_make_set=yes
am_cv_filesystem_timestamp_resolution=2
am_cv_make_support_nested_variables=yes
am_cv_prog_tar_ustar=gnutar
am_cv_sleep_fractional_seconds=yes
am_cv_xargs_n_works=yes

## ----------------- ##
## Output variables. ##
## ----------------- ##

ACLOCAL='/Users/sedwards/gtk/bin/aclocal -I /Users/sedwards/gtk/share/aclocal'
AMTAR='$${TAR-tar}'
AM_BACKSLASH='\'
AM_DEFAULT_V='$(AM_DEFAULT_VERBOSITY)'
AM_DEFAULT_VERBOSITY='1'
AM_V='$(V)'
AUTOCONF='${SHELL} '\''/Users/sedwards/gtk/source/gettext-1.0/build-aux/missing'\'' autoconf'
AUTOHEADER='${SHELL} '\''/Users/sedwards/gtk/source/gettext-1.0/build-aux/missing'\'' autoheader'
AUTOMAKE='${SHELL} '\''/Users/sedwards/gtk/source/gettext-1.0/build-aux/missing'\'' automake-1.18'
AWK='awk'
CC=''
CFLAGS=''
CPP=''
CPPFLAGS=''
CSCOPE='cscope'
CTAGS='ctags'
CXX=''
CXXCPP=''
CXXFLAGS=''
CYGPATH_W='echo'
DC=''
DEFS='-DPACKAGE_NAME=\"gettext\" -DPACKAGE_TARNAME=\"gettext\" -DPACKAGE_VERSION=\"package\" -DPACKAGE_STRING=\"gettext\ package\" -DPACKAGE_BUGREPORT=\"bug-gettext@gnu.org\" -DPACKAGE_URL=\"\" -DPACKAGE_VERSION=\"1.0\" -DPACKAGE_STRING=\"gettext\ 1.0\" -DPACKAGE=\"gettext\" -DVERSION=\"1.0\"'
DFLAGS=''
ECHO_C='\c'
ECHO_N=''
ECHO_T=''
EMACS=''
EMACSLOADPATH=''
ETAGS='etags'
INCLUDED_LIBXML_FALSE='#'
INCLUDED_LIBXML_TRUE=''
INSTALL_DATA='${INSTALL} -m 644'
INSTALL_PROGRAM='${INSTALL}'
INSTALL_SCRIPT='${INSTALL}'
INSTALL_STRIP_PROGRAM='$(install_sh) -c -s'
LDFLAGS=''
LIBOBJS=''
LIBS=''
LTLIBOBJS=''
LT_SYS_LIBRARY_PATH=''
M2C=''
M2FLAGS=''
MAKEINFO='${SHELL} '\''/Users/sedwards/gtk/source/gettext-1.0/build-aux/missing'\'' makeinfo'
MKDIR_P='./build-aux/install-sh -c -d'
OBJC=''
OBJCFLAGS=''
PACKAGE='gettext'
PACKAGE_BUGREPORT='bug-gettext@gnu.org'
PACKAGE_NAME='gettext'
PACKAGE_STRING='gettext 1.0'
PACKAGE_TARNAME='gettext'
PACKAGE_URL=''
PACKAGE_VERSION='1.0'
PATH_SEPARATOR=':'
SET_MAKE=''
SHELL='/bin/sh'
STRIP=''
VERSION='1.0'
YACC=''
YFLAGS=''
am__isrc=''
am__leading_dot='.'
am__rm_f_notfound=''
am__tar='{ find "$$tardir" -type d | LC_ALL=C sort; find "$$tardir" ! -type d -printf "%f\\t%p\\n" | LC_ALL=C sort | LC_ALL=C cut -f2; } | ${AMTAR} chf - --no-recursion --files-from=- --format=ustar --owner=root --group=root'
am__untar='tar -xf -'
am__xargs_n='xargs -n'
bindir='${exec_prefix}/bin'
build='aarch64-apple-darwin25.4.0'
build_alias=''
build_cpu='aarch64'
build_os='darwin25.4.0'
build_vendor='apple'
datadir='${datarootdir}'
datarootdir='${prefix}/share'
docdir='${datarootdir}/doc/${PACKAGE_TARNAME}'
dvidir='${docdir}'
exec_prefix='${prefix}'
host='aarch64-apple-darwin25.4.0'
host_alias=''
host_cpu='aarch64'
host_os='darwin25.4.0'
host_vendor='apple'
htmldir='${docdir}'
includedir='${prefix}/include'
infodir='${datarootdir}/info'
install_sh='${SHELL} /Users/sedwards/gtk/source/gettext-1.0/build-aux/install-sh'
libdir='${exec_prefix}/lib'
libexecdir='${exec_prefix}/libexec'
localedir='${datarootdir}/locale'
localstatedir='${prefix}/var'
mandir='${datarootdir}/man'
mkdir_p='$(MKDIR_P)'
oldincludedir='/usr/include'
pdfdir='${docdir}'
prefix='/Users/sedwards/gtk'
program_transform_name='s,x,x,'
psdir='${docdir}'
runstatedir='${localstatedir}/run'
sbindir='${exec_prefix}/sbin'
sharedstatedir='${prefix}/com'
subdirs=' gettext-runtime libtextstyle gettext-tools'
sysconfdir='${prefix}/etc'
target_alias=''

## ----------- ##
## confdefs.h. ##
## ----------- ##

/* confdefs.h */
#define PACKAGE_NAME "gettext"
#define PACKAGE_TARNAME "gettext"
#define PACKAGE_VERSION "package"
#define PACKAGE_STRING "gettext package"
#define PACKAGE_BUGREPORT "bug-gettext@gnu.org"
#define PACKAGE_URL ""
#undef PACKAGE_VERSION
#define PACKAGE_VERSION "1.0"
#undef PACKAGE_STRING
#define PACKAGE_STRING "gettext 1.0"
#define PACKAGE "gettext"
#define VERSION "1.0"

configure: exit 0
