This file contains any messages produced by compilers while
running configure, to aid debugging if configure makes a mistake.

It was created by gettext-runtime configure package, which was
generated by GNU Autoconf 2.71.  Invocation command line was

  $ ./configure --disable-option-checking --prefix=/Users/sedwards/gtk M4=/Users/sedwards/gtk/bin/m4 'ACLOCAL=/Users/sedwards/gtk/bin/aclocal -I /Users/sedwards/gtk/share/aclocal' --disable-dependency-tracking --without-libxml2 --disable-nls --disable-intl --cache-file=/dev/null --srcdir=. --no-create --no-recursion

## --------- ##
## Platform. ##
## --------- ##

hostname = sedwards-mini.local
uname -m = arm64
uname -r = 25.4.0
uname -s = Darwin
uname -v = Darwin Kernel Version 25.4.0: Thu Mar 19 19:31:09 PDT 2026; root:xnu-12377.101.15~1/RELEASE_ARM64_T8132

/usr/bin/uname -p = arm
/bin/uname -X     = unknown

/bin/arch              = unknown
/usr/bin/arch -k       = unknown
/usr/convex/getsysinfo = unknown
/usr/bin/hostinfo      = Mach kernel version:
	 Darwin Kernel Version 25.4.0: Thu Mar 19 19:31:09 PDT 2026; root:xnu-12377.101.15~1/RELEASE_ARM64_T8132
Kernel configured for up to 10 processors.
10 processors are physically available.
10 processors are logically available.
Processor type: arm64e (ARM64E)
Processors active: 0 1 2 3 4 5 6 7 8 9
Primary memory available: 16.00 gigabytes
Default processor set: 626 tasks, 2328 threads, 10 processors
Load average: 2.11, Mach factor: 7.94
/bin/machine           = unknown
/usr/bin/oslevel       = unknown
/bin/universe          = unknown

PATH: /Users/sedwards/gtk/bin/
PATH: /usr/bin/
PATH: /bin/
PATH: /usr/sbin/
PATH: /sbin/


## ----------- ##
## Core tests. ##
## ----------- ##

configure:2886: looking for aux files: config.rpath ltmain.sh compile config.guess config.sub missing install-sh
configure:2899:  trying ./../build-aux/
configure:2928:   ./../build-aux/config.rpath found
configure:2928:   ./../build-aux/ltmain.sh found
configure:2928:   ./../build-aux/compile found
configure:2928:   ./../build-aux/config.guess found
configure:2928:   ./../build-aux/config.sub found
configure:2928:   ./../build-aux/missing found
configure:2910:   ./../build-aux/install-sh found
configure:3066: checking for a BSD-compatible install
configure:3139: result: /usr/bin/install -c
configure:3150: checking whether sleep supports fractional seconds
configure:3164: result: yes
configure:3167: checking filesystem timestamp resolution
configure:3301: result: 2
configure:3306: checking whether build environment is sane
configure:3351: result: yes
configure:3519: checking for a race-free mkdir -p
configure:3563: result: ./../build-aux/install-sh -c -d
configure:3570: checking for gawk
configure:3605: result: no
configure:3570: checking for mawk
configure:3605: result: no
configure:3570: checking for nawk
configure:3605: result: no
configure:3570: checking for awk
configure:3591: found /usr/bin/awk
configure:3602: result: awk
configure:3613: checking whether make sets $(MAKE)
configure:3636: result: yes
configure:3662: checking whether make supports nested variables
configure:3680: result: yes
configure:3693: checking xargs -n works
configure:3707: result: yes
configure:3788: checking whether UID '501' is supported by ustar format
configure:3794: result: yes
configure:3801: checking whether GID '20' is supported by ustar format
configure:3807: result: yes
configure:3815: checking how to create a ustar tar archive
configure:3826: tar --version
bsdtar 3.5.3 - libarchive 3.7.4 zlib/1.2.12 liblzma/5.4.3 bz2lib/1.0.8 
configure:3829: $? = 0
configure:3869: tardir=conftest.dir && eval tar --format=ustar -chf - "$tardir" >conftest.tar
configure:3872: $? = 0
configure:3876: tar -xf - <conftest.tar
configure:3879: $? = 0
configure:3881: cat conftest.dir/file
GrepMe
configure:3884: $? = 0
configure:3898: result: gnutar
configure:3958: checking build system type
configure:3973: result: aarch64-apple-darwin25.4.0
configure:3993: checking host system type
configure:4007: result: aarch64-apple-darwin25.4.0
configure:4140: checking for gcc
configure:4161: found /usr/bin/gcc
configure:4172: result: gcc
configure:4525: checking for C compiler version
configure:4534: gcc --version >&5
Apple clang version 21.0.0 (clang-2100.0.123.102)
Target: arm64-apple-darwin25.4.0
Thread model: posix
InstalledDir: /Applications/Xcode.app/Contents/Developer/Toolchains/XcodeDefault.xctoolchain/usr/bin
configure:4545: $? = 0
configure:4534: gcc -v >&5
Apple clang version 21.0.0 (clang-2100.0.123.102)
Target: arm64-apple-darwin25.4.0
Thread model: posix
InstalledDir: /Applications/Xcode.app/Contents/Developer/Toolchains/XcodeDefault.xctoolchain/usr/bin
configure:4545: $? = 0
configure:4534: gcc -V >&5
clang: error: argument to '-V' is missing (expected 1 value)
clang: error: no input files
configure:4545: $? = 1
configure:4534: gcc -qversion >&5
clang: error: unknown argument '-qversion'; did you mean '--version'?
clang: error: no input files
configure:4545: $? = 1
configure:4534: gcc -version >&5
clang: error: unknown argument '-version'; did you mean '--version'?
clang: error: no input files
configure:4545: $? = 1
configure:4565: checking whether the C compiler works
configure:4587: gcc    conftest.c  >&5
configure:4591: $? = 0
configure:4641: result: yes
configure:4644: checking for C compiler default output file name
configure:4646: result: a.out
configure:4652: checking for suffix of executables
configure:4659: gcc -o conftest    conftest.c  >&5
configure:4663: $? = 0
configure:4686: result: 
configure:4708: checking whether we are cross compiling
configure:4716: gcc -o conftest    conftest.c  >&5
configure:4720: $? = 0
configure:4727: ./conftest
configure:4731: $? = 0
configure:4746: result: no
configure:4751: checking for suffix of object files
configure:4774: gcc -c   conftest.c >&5
configure:4778: $? = 0
configure:4800: result: o
configure:4804: checking whether the compiler supports GNU C
configure:4824: gcc -c   conftest.c >&5
configure:4824: $? = 0
configure:4834: result: yes
configure:4845: checking whether gcc accepts -g
configure:4866: gcc -c -g  conftest.c >&5
configure:4866: $? = 0
configure:4910: result: yes
configure:4930: checking for gcc option to enable C11 features
configure:4945: gcc  -c -g -O2  conftest.c >&5
conftest.c:29:14: warning: a function definition without a prototype is deprecated in all versions of C and is not supported in C23 [-Wdeprecated-non-prototype]
   29 | static char *e (p, i)
      |              ^
1 warning generated.
configure:4945: $? = 0
configure:4963: result: none needed
configure:5079: checking whether gcc understands -c and -o together
configure:5102: gcc -c conftest.c -o conftest2.o
configure:5105: $? = 0
configure:5102: gcc -c conftest.c -o conftest2.o
configure:5105: $? = 0
configure:5120: result: yes
configure:5138: checking whether the compiler is clang
configure:5160: gcc -c -g -O2  conftest.c >&5
conftest.c:17:12: error: unknown type name 'barfbarf'
   17 |            barfbarf
      |            ^
1 error generated.
configure:5160: $? = 1
configure: failed program was:
| /* confdefs.h */
| #define PACKAGE_NAME "gettext-runtime"
| #define PACKAGE_TARNAME "gettext-runtime"
| #define PACKAGE_VERSION "package"
| #define PACKAGE_STRING "gettext-runtime package"
| #define PACKAGE_BUGREPORT "bug-gettext@gnu.org"
| #define PACKAGE_URL ""
| #undef PACKAGE_VERSION
| #define PACKAGE_VERSION "1.0"
| #undef PACKAGE_STRING
| #define PACKAGE_STRING "gettext-runtime 1.0"
| #define PACKAGE "gettext-runtime"
| #define VERSION "1.0"
| /* end confdefs.h.  */
| 
|            #ifdef __clang__
|            barfbarf
|            #endif
| 
| int
| main (void)
| {
| 
|   ;
|   return 0;
| }
| 
configure:5169: result: yes
configure:5173: checking for compiler option needed when checking for declarations
configure:5193: gcc -c -g -O2  conftest.c >&5 -Werror=implicit-function-declaration
configure:5193: $? = 0
configure:5206: result: -Werror=implicit-function-declaration
configure:5218: checking whether make supports the include directive
configure:5233: make -f confmf.GNU && cat confinc.out
this is the am__doit target
configure:5236: $? = 0
configure:5255: result: yes (GNU style)
configure:5281: checking dependency style of gcc
configure:5393: result: none
configure:5411: checking whether to use Java
configure:5421: result: yes
configure:5431: checking how to run the C preprocessor
configure:5457: gcc -E  conftest.c
configure:5457: $? = 0
configure:5472: gcc -E  conftest.c
conftest.c:15:10: fatal error: 'ac_nonexistent.h' file not found
   15 | #include <ac_nonexistent.h>
      |          ^~~~~~~~~~~~~~~~~~
1 error generated.
configure:5472: $? = 1
configure: failed program was:
| /* confdefs.h */
| #define PACKAGE_NAME "gettext-runtime"
| #define PACKAGE_TARNAME "gettext-runtime"
| #define PACKAGE_VERSION "package"
| #define PACKAGE_STRING "gettext-runtime package"
| #define PACKAGE_BUGREPORT "bug-gettext@gnu.org"
| #define PACKAGE_URL ""
| #undef PACKAGE_VERSION
| #define PACKAGE_VERSION "1.0"
| #undef PACKAGE_STRING
| #define PACKAGE_STRING "gettext-runtime 1.0"
| #define PACKAGE "gettext-runtime"
| #define VERSION "1.0"
| /* end confdefs.h.  */
| #include <ac_nonexistent.h>
configure:5499: result: gcc -E
configure:5513: gcc -E  conftest.c
configure:5513: $? = 0
configure:5528: gcc -E  conftest.c
conftest.c:15:10: fatal error: 'ac_nonexistent.h' file not found
   15 | #include <ac_nonexistent.h>
      |          ^~~~~~~~~~~~~~~~~~
1 error generated.
configure:5528: $? = 1
configure: failed program was:
| /* confdefs.h */
| #define PACKAGE_NAME "gettext-runtime"
| #define PACKAGE_TARNAME "gettext-runtime"
| #define PACKAGE_VERSION "package"
| #define PACKAGE_STRING "gettext-runtime package"
| #define PACKAGE_BUGREPORT "bug-gettext@gnu.org"
| #define PACKAGE_URL ""
| #undef PACKAGE_VERSION
| #define PACKAGE_VERSION "1.0"
| #undef PACKAGE_STRING
| #define PACKAGE_STRING "gettext-runtime 1.0"
| #define PACKAGE "gettext-runtime"
| #define VERSION "1.0"
| /* end confdefs.h.  */
| #include <ac_nonexistent.h>
configure:5559: checking for grep that handles long lines and -e
configure:5623: result: /usr/bin/grep
configure:5628: checking for egrep
configure:5696: result: /usr/bin/grep -E
configure:5758: checking for Java compiler
configure:5865: found /usr/bin/javac
configure:5885: javac -Xlint:-options -d . conftest.java
The operation couldn’t be completed. Unable to locate a Java Runtime.
Please visit http://www.java.com for information on installing Java.

configure:5892: javac -d . conftest.java
The operation couldn’t be completed. Unable to locate a Java Runtime.
Please visit http://www.java.com for information on installing Java.

configure:5960: result: no
configure:5970: checking for jar
configure:5991: found /usr/bin/jar
configure:6002: result: jar
configure:6033: checking for preferred C# implementation
configure:6044: result: any
configure:6061: checking for C# compiler
configure:6236: result: no
configure:6255: checking whether to use D
configure:6265: result: yes
configure:6272: checking for D compiler
configure:6302: trying gdc...
./configure: line 6303: gdc: command not found
configure:6307: trying ldc2...
./configure: line 6308: ldc2: command not found
configure:6312: trying dmd...
./configure: line 6313: dmd: command not found
configure:6317: trying egdc...
./configure: line 6318: egdc: command not found
configure:6327: result: no
configure:6366: checking for Minix Amsterdam compiler
configure:6392: result: no
configure:6454: checking for ar
configure:6475: found /usr/bin/ar
configure:6486: result: ar
configure:6566: checking for ranlib
configure:6587: found /usr/bin/ranlib
configure:6598: result: ranlib
configure:6646: checking whether C compiler handles -Werror -Wunknown-warning-option
configure:6666: gcc -o conftest -g -O2  -Werror -Wunknown-warning-option   conftest.c  >&5
configure:6666: $? = 0
configure:6677: result: yes
configure:7444: checking how to print strings
configure:7471: result: printf
configure:7492: checking for a sed that does not truncate output
configure:7562: result: /Users/sedwards/gtk/bin/gsed
configure:7580: checking for fgrep
configure:7648: result: /usr/bin/grep -F
configure:7684: checking for ld used by gcc
configure:7752: result: /Applications/Xcode.app/Contents/Developer/Toolchains/XcodeDefault.xctoolchain/usr/bin/ld
configure:7759: checking if the linker (/Applications/Xcode.app/Contents/Developer/Toolchains/XcodeDefault.xctoolchain/usr/bin/ld) is GNU ld
configure:7775: result: no
configure:7787: checking for BSD- or MS-compatible name lister (nm)
configure:7842: result: /usr/bin/nm -B
configure:7982: checking the name lister (/usr/bin/nm -B) interface
configure:7990: gcc -c -g -O2  conftest.c >&5
configure:7993: /usr/bin/nm -B "conftest.o"
configure:7996: output
0000000000000288 S _some_variable
0000000000000000 t ltmp0
0000000000000288 s ltmp1
configure:8003: result: BSD nm
configure:8006: checking whether ln -s works
configure:8010: result: yes
configure:8018: checking the maximum length of command line arguments
configure:8150: result: 786432
configure:8198: checking how to convert aarch64-apple-darwin25.4.0 file names to aarch64-apple-darwin25.4.0 format
configure:8239: result: func_convert_file_noop
configure:8246: checking how to convert aarch64-apple-darwin25.4.0 file names to toolchain format
configure:8267: result: func_convert_file_noop
configure:8274: checking for /Applications/Xcode.app/Contents/Developer/Toolchains/XcodeDefault.xctoolchain/usr/bin/ld option to reload object files
configure:8282: result: -r
configure:8315: checking for file
configure:8336: found /usr/bin/file
configure:8348: result: file
configure:8410: checking for objdump
configure:8431: found /usr/bin/objdump
configure:8442: result: objdump
configure:8471: checking how to recognize dependent libraries
configure:8679: result: pass_all
configure:8769: checking for dlltool
configure:8804: result: no
configure:8831: checking how to associate runtime and link libraries
configure:8859: result: printf %s\n
configure:9009: checking for archiver @FILE support
configure:9027: gcc -c -g -O2  conftest.c >&5
configure:9027: $? = 0
configure:9031: ar cr libconftest.a @conftest.lst >&5
ar: @conftest.lst: No such file or directory
configure:9034: $? = 1
configure:9054: result: no
configure:9117: checking for strip
configure:9138: found /usr/bin/strip
configure:9149: result: strip
configure:9252: checking command to parse /usr/bin/nm -B output from gcc object
configure:9406: gcc -c -g -O2  conftest.c >&5
configure:9409: $? = 0
configure:9413: /usr/bin/nm -B conftest.o | /Users/sedwards/gtk/bin/gsed -n -e 's/^.*[	 ]\([ABCDGIRSTW][ABCDGIRSTW]*\)[	 ][	 ]*\([_A-Za-z][_A-Za-z0-9]*\)$/\1 \2 \2/p' | /Users/sedwards/gtk/bin/gsed '/ __gnu_lto/d' > conftest.nm
cannot find nm_test_var in conftest.nm
configure:9406: gcc -c -g -O2  conftest.c >&5
configure:9409: $? = 0
configure:9413: /usr/bin/nm -B conftest.o | /Users/sedwards/gtk/bin/gsed -n -e 's/^.*[	 ]\([ABCDGIRSTW][ABCDGIRSTW]*\)[	 ][	 ]*_\([_A-Za-z][_A-Za-z0-9]*\)$/\1 _\2 \2/p' | /Users/sedwards/gtk/bin/gsed '/ __gnu_lto/d' > conftest.nm
configure:9479: gcc -o conftest -g -O2   conftest.c conftstm.o >&5
configure:9482: $? = 0
configure:9520: result: ok
configure:9567: checking for sysroot
configure:9600: result: no
configure:9607: checking for a working dd
configure:9651: result: /bin/dd
configure:9655: checking how to truncate binary pipes
configure:9671: result: /bin/dd bs=4096 count=1
configure:10008: checking for mt
configure:10043: result: no
configure:10063: checking if : is a manifest tool
configure:10070: : '-?'
configure:10078: result: no
configure:10139: checking for dsymutil
configure:10160: found /usr/bin/dsymutil
configure:10171: result: dsymutil
configure:10241: checking for nmedit
configure:10262: found /usr/bin/nmedit
configure:10273: result: nmedit
configure:10343: checking for lipo
configure:10364: found /usr/bin/lipo
configure:10375: result: lipo
configure:10445: checking for otool
configure:10466: found /usr/bin/otool
configure:10477: result: otool
configure:10547: checking for otool64
configure:10582: result: no
configure:10627: checking for -single_module linker flag
gcc -g -O2  -o libconftest.dylib -dynamiclib -Wl,-single_module conftest.c
ld: warning: -single_module is obsolete
configure:10661: result: no
configure:10666: checking for -no_fixup_chains linker flag
configure:10685: gcc -o conftest -g -O2   -Wl,-no_fixup_chains conftest.c  >&5
configure:10685: $? = 0
configure:10698: result: yes
configure:10701: checking for -exported_symbols_list linker flag
configure:10722: gcc -o conftest -g -O2   -Wl,-exported_symbols_list,conftest.sym conftest.c  >&5
configure:10722: $? = 0
configure:10733: result: yes
configure:10736: checking for -force_load linker flag
gcc -g -O2 -c -o conftest.o conftest.c
ar cr libconftest.a conftest.o
ranlib libconftest.a
gcc -g -O2  -o conftest conftest.c -Wl,-force_load,./libconftest.a
configure:10769: result: yes
configure:10859: checking for stdio.h
configure:10859: gcc -c -g -O2  conftest.c >&5
configure:10859: $? = 0
configure:10859: result: yes
configure:10859: checking for stdlib.h
configure:10859: gcc -c -g -O2  conftest.c >&5
configure:10859: $? = 0
configure:10859: result: yes
configure:10859: checking for string.h
configure:10859: gcc -c -g -O2  conftest.c >&5
configure:10859: $? = 0
configure:10859: result: yes
configure:10859: checking for inttypes.h
configure:10859: gcc -c -g -O2  conftest.c >&5
configure:10859: $? = 0
configure:10859: result: yes
configure:10859: checking for stdint.h
configure:10859: gcc -c -g -O2  conftest.c >&5
configure:10859: $? = 0
configure:10859: result: yes
configure:10859: checking for strings.h
configure:10859: gcc -c -g -O2  conftest.c >&5
configure:10859: $? = 0
configure:10859: result: yes
configure:10859: checking for sys/stat.h
configure:10859: gcc -c -g -O2  conftest.c >&5
configure:10859: $? = 0
configure:10859: result: yes
configure:10859: checking for sys/types.h
configure:10859: gcc -c -g -O2  conftest.c >&5
configure:10859: $? = 0
configure:10859: result: yes
configure:10859: checking for unistd.h
configure:10859: gcc -c -g -O2  conftest.c >&5
configure:10859: $? = 0
configure:10859: result: yes
configure:10884: checking for dlfcn.h
configure:10884: gcc -c -g -O2  conftest.c >&5
configure:10884: $? = 0
configure:10884: result: yes
configure:11507: checking for objdir
configure:11523: result: .libs
configure:11787: checking if gcc supports -fno-rtti -fno-exceptions
configure:11806: gcc -c -g -O2  -fno-rtti -fno-exceptions conftest.c >&5
configure:11810: $? = 0
configure:11823: result: yes
configure:12196: checking for gcc option to produce PIC
configure:12204: result: -fno-common -DPIC
configure:12212: checking if gcc PIC flag -fno-common -DPIC works
configure:12231: gcc -c -g -O2  -fno-common -DPIC -DPIC conftest.c >&5
configure:12235: $? = 0
configure:12248: result: yes
configure:12277: checking if gcc static flag -static works
configure:12306: result: no
configure:12321: checking if gcc supports -c -o file.o
configure:12343: gcc -c -g -O2  -o out/conftest2.o conftest.c >&5
configure:12347: $? = 0
configure:12369: result: yes
configure:12377: checking if gcc supports -c -o file.o
configure:12425: result: yes
configure:12458: checking whether the gcc linker (/Applications/Xcode.app/Contents/Developer/Toolchains/XcodeDefault.xctoolchain/usr/bin/ld) supports shared libraries
configure:13737: result: yes
configure:13978: checking dynamic linker characteristics
configure:15357: result: darwin25.4.0 dyld
configure:15479: checking how to hardcode library paths into programs
configure:15504: result: immediate
configure:16056: checking whether stripping libraries is possible
configure:16073: result: yes
configure:16107: checking if libtool supports shared libraries
configure:16109: result: yes
configure:16112: checking whether to build shared libraries
configure:16137: result: yes
configure:16140: checking whether to build static libraries
configure:16144: result: yes
configure:16230: checking for windres
configure:16265: result: no
configure:16495: checking whether NLS is requested
configure:16505: result: no
configure:16545: checking for msgfmt
configure:16581: result: no
configure:16587: checking for gmsgfmt
configure:16623: result: :
configure:16668: checking for xgettext
configure:16704: result: no
configure:16746: checking for msgmerge
configure:16781: result: no
configure:16850: checking for ld
configure:16981: result: /Applications/Xcode.app/Contents/Developer/Toolchains/XcodeDefault.xctoolchain/usr/bin/ld
configure:16988: checking if the linker (/Applications/Xcode.app/Contents/Developer/Toolchains/XcodeDefault.xctoolchain/usr/bin/ld) is GNU ld
configure:17004: result: no
configure:17012: checking for shared library run path origin
configure:17026: result: done
configure:17048: checking 32-bit host C ABI
configure:17101: gcc -c -g -O2  conftest.c >&5
configure:17101: $? = 0
configure:17113: result: no
configure:17122: checking for ELF binary format
configure:17146: result: no
configure:17198: checking for the common suffixes of directories in the library search path
configure:17274: result: lib,lib,lib
configure:17337: checking for CFPreferencesCopyAppValue
configure:17356: gcc -o conftest -g -O2   conftest.c  -Wl,-framework -Wl,CoreFoundation >&5
conftest.c:31:27: warning: null passed to a callee that requires a non-null argument [-Wnonnull]
   31 | CFPreferencesCopyAppValue(NULL, NULL)
      |                           ^~~~
/Applications/Xcode.app/Contents/Developer/Toolchains/XcodeDefault.xctoolchain/usr/lib/clang/21/include/__stddef_null.h:26:14: note: expanded from macro 'NULL'
   26 | #define NULL ((void*)0)
      |              ^~~~~~~~~~
conftest.c:31:33: warning: null passed to a callee that requires a non-null argument [-Wnonnull]
   31 | CFPreferencesCopyAppValue(NULL, NULL)
      |                                 ^~~~
/Applications/Xcode.app/Contents/Developer/Toolchains/XcodeDefault.xctoolchain/usr/lib/clang/21/include/__stddef_null.h:26:14: note: expanded from macro 'NULL'
   26 | #define NULL ((void*)0)
      |              ^~~~~~~~~~
2 warnings generated.
configure:17356: $? = 0
configure:17366: result: yes
configure:17373: checking for CFLocaleCopyPreferredLanguages
configure:17392: gcc -o conftest -g -O2   conftest.c  -Wl,-framework -Wl,CoreFoundation >&5
configure:17392: $? = 0
configure:17402: result: yes
configure:18195: checking whether to use NLS
configure:18197: result: no
configure:18311: checking for C compiler option to allow warnings
configure:18320: gcc -g -O2  -c conftest.c 2>conftest1.err
configure:18323: $? = 0
configure:18326: gcc -g -O2  -Wno-error -c conftest.c 2>conftest2.err
configure:18329: $? = 0
configure:18339: result: -Wno-error
configure:18386: gcc -g -O2  -E conftest.c > conftest.out
configure:18389: $? = 0
configure:18473: checking for size_t
configure:18473: gcc -c -g -O2  conftest.c >&5
configure:18473: $? = 0
configure:18473: gcc -c -g -O2  conftest.c >&5
conftest.c:60:21: error: expected expression
   60 | if (sizeof ((size_t)))
      |                     ^
1 error generated.
configure:18473: $? = 1
configure: failed program was:
| /* confdefs.h */
| #define PACKAGE_NAME "gettext-runtime"
| #define PACKAGE_TARNAME "gettext-runtime"
| #define PACKAGE_VERSION "package"
| #define PACKAGE_STRING "gettext-runtime package"
| #define PACKAGE_BUGREPORT "bug-gettext@gnu.org"
| #define PACKAGE_URL ""
| #undef PACKAGE_VERSION
| #define PACKAGE_VERSION "1.0"
| #undef PACKAGE_STRING
| #define PACKAGE_STRING "gettext-runtime 1.0"
| #define PACKAGE "gettext-runtime"
| #define VERSION "1.0"
| #define HAVE_STDIO_H 1
| #define HAVE_STDLIB_H 1
| #define HAVE_STRING_H 1
| #define HAVE_INTTYPES_H 1
| #define HAVE_STDINT_H 1
| #define HAVE_STRINGS_H 1
| #define HAVE_SYS_STAT_H 1
| #define HAVE_SYS_TYPES_H 1
| #define HAVE_UNISTD_H 1
| #define STDC_HEADERS 1
| #define HAVE_DLFCN_H 1
| #define LT_OBJDIR ".libs/"
| #define HAVE_CFPREFERENCESCOPYAPPVALUE 1
| #define HAVE_CFLOCALECOPYPREFERREDLANGUAGES 1
| /* end confdefs.h.  */
| #include <stddef.h>
| #ifdef HAVE_STDIO_H
| # include <stdio.h>
| #endif
| #ifdef HAVE_STDLIB_H
| # include <stdlib.h>
| #endif
| #ifdef HAVE_STRING_H
| # include <string.h>
| #endif
| #ifdef HAVE_INTTYPES_H
| # include <inttypes.h>
| #endif
| #ifdef HAVE_STDINT_H
| # include <stdint.h>
| #endif
| #ifdef HAVE_STRINGS_H
| # include <strings.h>
| #endif
| #ifdef HAVE_SYS_TYPES_H
| # include <sys/types.h>
| #endif
| #ifdef HAVE_SYS_STAT_H
| # include <sys/stat.h>
| #endif
| #ifdef HAVE_UNISTD_H
| # include <unistd.h>
| #endif
| int
| main (void)
| {
| if (sizeof ((size_t)))
| 	    return 0;
|   ;
|   return 0;
| }
configure:18473: result: yes
configure:18509: checking whether to use Modula-2
configure:18519: result: yes
configure:18526: checking for GNU Modula-2 compiler
configure:18639: result: no
configure:18731: checking for perl
configure:18754: found /usr/bin/perl
configure:18767: result: /usr/bin/perl
configure:18780: checking whether to use C++
configure:18790: result: yes
configure:18858: checking for g++
configure:18879: found /usr/bin/g++
configure:18890: result: g++
configure:18917: checking whether the C++ compiler (g++  ) works
configure:18928: g++ -o conftest    conftest.cpp  >&5
configure:18931: $? = 0
configure:18949: result: yes
configure:18954: checking whether the C++ compiler supports namespaces
configure:18968: g++ -o conftest    conftest.cpp  >&5
configure:18971: $? = 0
configure:18984: result: yes
configure:19007: checking dependency style of g++
configure:19119: result: none
configure:19140: checking whether the compiler supports GNU C++
configure:19160: g++ -c   conftest.cpp >&5
configure:19160: $? = 0
configure:19170: result: yes
configure:19181: checking whether g++ accepts -g
configure:19202: g++ -c -g  conftest.cpp >&5
configure:19202: $? = 0
configure:19246: result: yes
configure:19491: checking that generated files are newer than configure
configure:19497: result: done
configure:19652: creating ./config.status

## ---------------- ##
## Cache variables. ##
## ---------------- ##

ac_cv_build=aarch64-apple-darwin25.4.0
ac_cv_c_compiler_gnu=yes
ac_cv_cxx_compiler_gnu=yes
ac_cv_env_CC_set=
ac_cv_env_CC_value=
ac_cv_env_CFLAGS_set=
ac_cv_env_CFLAGS_value=
ac_cv_env_CPPFLAGS_set=
ac_cv_env_CPPFLAGS_value=
ac_cv_env_CPP_set=
ac_cv_env_CPP_value=
ac_cv_env_CXXFLAGS_set=
ac_cv_env_CXXFLAGS_value=
ac_cv_env_CXX_set=
ac_cv_env_CXX_value=
ac_cv_env_DC_set=
ac_cv_env_DC_value=
ac_cv_env_DFLAGS_set=
ac_cv_env_DFLAGS_value=
ac_cv_env_LDFLAGS_set=
ac_cv_env_LDFLAGS_value=
ac_cv_env_LIBS_set=
ac_cv_env_LIBS_value=
ac_cv_env_LT_SYS_LIBRARY_PATH_set=
ac_cv_env_LT_SYS_LIBRARY_PATH_value=
ac_cv_env_M2C_set=
ac_cv_env_M2C_value=
ac_cv_env_M2FLAGS_set=
ac_cv_env_M2FLAGS_value=
ac_cv_env_build_alias_set=
ac_cv_env_build_alias_value=
ac_cv_env_host_alias_set=
ac_cv_env_host_alias_value=
ac_cv_env_target_alias_set=
ac_cv_env_target_alias_value=
ac_cv_header_dlfcn_h=yes
ac_cv_header_inttypes_h=yes
ac_cv_header_stdint_h=yes
ac_cv_header_stdio_h=yes
ac_cv_header_stdlib_h=yes
ac_cv_header_string_h=yes
ac_cv_header_strings_h=yes
ac_cv_header_sys_stat_h=yes
ac_cv_header_sys_types_h=yes
ac_cv_header_unistd_h=yes
ac_cv_host=aarch64-apple-darwin25.4.0
ac_cv_objext=o
ac_cv_path_EGREP='/usr/bin/grep -E'
ac_cv_path_FGREP='/usr/bin/grep -F'
ac_cv_path_GMSGFMT=:
ac_cv_path_GREP=/usr/bin/grep
ac_cv_path_MSGFMT=:
ac_cv_path_MSGMERGE=:
ac_cv_path_PERL=/usr/bin/perl
ac_cv_path_SED=/Users/sedwards/gtk/bin/gsed
ac_cv_path_XGETTEXT=:
ac_cv_path_install='/usr/bin/install -c'
ac_cv_path_lt_DD=/bin/dd
ac_cv_prog_AWK=awk
ac_cv_prog_CPP='gcc -E'
ac_cv_prog_FILECMD=file
ac_cv_prog_HAVE_JAVAC_IN_PATH=yes
ac_cv_prog_JAR=jar
ac_cv_prog_ac_ct_AR=ar
ac_cv_prog_ac_ct_CC=gcc
ac_cv_prog_ac_ct_CXX=g++
ac_cv_prog_ac_ct_DSYMUTIL=dsymutil
ac_cv_prog_ac_ct_LIPO=lipo
ac_cv_prog_ac_ct_NMEDIT=nmedit
ac_cv_prog_ac_ct_OBJDUMP=objdump
ac_cv_prog_ac_ct_OTOOL=otool
ac_cv_prog_ac_ct_RANLIB=ranlib
ac_cv_prog_ac_ct_STRIP=strip
ac_cv_prog_cc_c11=
ac_cv_prog_cc_g=yes
ac_cv_prog_cc_stdc=
ac_cv_prog_cxx_g=yes
ac_cv_prog_make_make_set=yes
ac_cv_type_size_t=yes
acl_cv_hardcode_direct=no
acl_cv_hardcode_libdir_flag_spec=
acl_cv_hardcode_libdir_separator=
acl_cv_hardcode_minus_L=no
acl_cv_libdirstems=lib,lib,lib
acl_cv_libext=a
acl_cv_libname_spec='lib$name'
acl_cv_library_names_spec='$libname$shrext'
acl_cv_prog_gnu_ld=no
acl_cv_rpath=done
acl_cv_shlibext=dylib
acl_cv_wl=-Wl,
am_cv_CC_dependencies_compiler_type=none
am_cv_CXX_dependencies_compiler_type=none
am_cv_filesystem_timestamp_resolution=2
am_cv_make_support_nested_variables=yes
am_cv_prog_cc_c_o=yes
am_cv_prog_tar_ustar=gnutar
am_cv_sleep_fractional_seconds=yes
am_cv_xargs_n_works=yes
gl_cv_c_amsterdam_compiler=no
gl_cv_cc_wallow=-Wno-error
gl_cv_compiler_check_decl_option=-Werror=implicit-function-declaration
gl_cv_compiler_clang=yes
gl_cv_elf=no
gl_cv_host_cpu_c_abi_32bit=no
gl_cv_prog_ansicxx_cross=no
gl_cv_prog_ansicxx_namespaces=yes
gl_cv_prog_ansicxx_works=yes
gl_cv_warn_c__Werror__Wunknown_warning_option=yes
gt_cv_func_CFLocaleCopyPreferredLanguages=yes
gt_cv_func_CFPreferencesCopyAppValue=yes
lt_cv_apple_cc_single_mod=no
lt_cv_ar_at_file=no
lt_cv_deplibs_check_method=pass_all
lt_cv_file_magic_cmd='$MAGIC_CMD'
lt_cv_file_magic_test_file=
lt_cv_ld_exported_symbols_list=yes
lt_cv_ld_force_load=yes
lt_cv_ld_reload_flag=-r
lt_cv_nm_interface='BSD nm'
lt_cv_objdir=.libs
lt_cv_path_LD=/Applications/Xcode.app/Contents/Developer/Toolchains/XcodeDefault.xctoolchain/usr/bin/ld
lt_cv_path_NM='/usr/bin/nm -B'
lt_cv_path_manifest_tool=no
lt_cv_prog_compiler_c_o=yes
lt_cv_prog_compiler_c_o_RC=yes
lt_cv_prog_compiler_pic='-fno-common -DPIC'
lt_cv_prog_compiler_pic_works=yes
lt_cv_prog_compiler_rtti_exceptions=yes
lt_cv_prog_compiler_static_works=no
lt_cv_prog_gnu_ld=no
lt_cv_sharedlib_from_linklib_cmd='printf %s\n'
lt_cv_support_no_fixup_chains=yes
lt_cv_sys_global_symbol_pipe='/Users/sedwards/gtk/bin/gsed -n -e '\''s/^.*[	 ]\([ABCDGIRSTW][ABCDGIRSTW]*\)[	 ][	 ]*_\([_A-Za-z][_A-Za-z0-9]*\)$/\1 _\2 \2/p'\'' | /Users/sedwards/gtk/bin/gsed '\''/ __gnu_lto/d'\'''
lt_cv_sys_global_symbol_to_c_name_address='/Users/sedwards/gtk/bin/gsed -n -e '\''s/^: \(.*\) .*$/  {"\1", (void *) 0},/p'\'' -e '\''s/^[ABCDGIRSTW][ABCDGIRSTW]* .* \(.*\)$/  {"\1", (void *) \&\1},/p'\'''
lt_cv_sys_global_symbol_to_c_name_address_lib_prefix='/Users/sedwards/gtk/bin/gsed -n -e '\''s/^: \(.*\) .*$/  {"\1", (void *) 0},/p'\'' -e '\''s/^[ABCDGIRSTW][ABCDGIRSTW]* .* \(lib.*\)$/  {"\1", (void *) \&\1},/p'\'' -e '\''s/^[ABCDGIRSTW][ABCDGIRSTW]* .* \(.*\)$/  {"lib\1", (void *) \&\1},/p'\'''
lt_cv_sys_global_symbol_to_cdecl='/Users/sedwards/gtk/bin/gsed -n -e '\''s/^T .* \(.*\)$/extern int \1();/p'\'' -e '\''s/^[ABCDGIRSTW][ABCDGIRSTW]* .* \(.*\)$/extern char \1;/p'\'''
lt_cv_sys_global_symbol_to_import=
lt_cv_sys_max_cmd_len=786432
lt_cv_to_host_file_cmd=func_convert_file_noop
lt_cv_to_tool_file_cmd=func_convert_file_noop
lt_cv_truncate_bin='/bin/dd bs=4096 count=1'

## ----------------- ##
## Output variables. ##
## ----------------- ##

ACLOCAL='/Users/sedwards/gtk/bin/aclocal -I /Users/sedwards/gtk/share/aclocal'
AMDEPBACKSLASH=''
AMDEP_FALSE=''
AMDEP_TRUE='#'
AMTAR='$${TAR-tar}'
AM_BACKSLASH='\'
AM_DEFAULT_V='$(AM_DEFAULT_VERBOSITY)'
AM_DEFAULT_VERBOSITY='1'
AM_V='$(V)'
ANSICXX_FALSE='#'
ANSICXX_TRUE=''
AR='ar'
ARFLAGS='cr'
AS='as'
AUGMENT_SHLIBPATH='DYLD_LIBRARY_PATH='\''$(libdir)'\'':"$$DYLD_LIBRARY_PATH"; export DYLD_LIBRARY_PATH;'
AUTOCONF='${SHELL} '\''/Users/sedwards/gtk/source/gettext-1.0/build-aux/missing'\'' autoconf'
AUTOHEADER='${SHELL} '\''/Users/sedwards/gtk/source/gettext-1.0/build-aux/missing'\'' autoheader'
AUTOMAKE='${SHELL} '\''/Users/sedwards/gtk/source/gettext-1.0/build-aux/missing'\'' automake-1.18'
AWK='awk'
BUILDCSHARP='no'
BUILDD='no'
BUILDJAVA='no'
BUILDMODULA2='no'
BUILD_D_FALSE=''
BUILD_D_TRUE='#'
BUILD_MODULA2_FALSE=''
BUILD_MODULA2_TRUE='#'
CATOBJEXT=''
CC='gcc'
CCDEPMODE='depmode=none'
CFLAGS='-g -O2'
CLASSPATH=''
CLASSPATH_SEPARATOR=':'
CONF_JAVAC=''
CPP='gcc -E'
CPPFLAGS=''
CROSS_COMPILING='no'
CSCOPE='cscope'
CSHARPCOMPFLAGS='-O -g'
CSHARP_CHOICE='any'
CTAGS='ctags'
CXX='g++'
CXXDEPMODE='depmode=none'
CXXFLAGS='-g -O2'
CXX_CHOICE='yes'
CYGPATH_W='echo'
DC=''
DEFS='-DHAVE_CONFIG_H'
DEPDIR='.deps'
DESIRED_LINGUAS='$(ALL_LINGUAS)'
DFLAGS=''
DLLTOOL='false'
DSYMUTIL='dsymutil'
DUMPBIN=''
D_CHOICE='yes'
ECHO_C='\c'
ECHO_N=''
ECHO_T=''
EGREP='/usr/bin/grep -E'
ENABLE_LIBASPRINTF_FALSE='#'
ENABLE_LIBASPRINTF_TRUE=''
ENABLE_SHARED='yes'
ETAGS='etags'
EXEEXT=''
FGREP='/usr/bin/grep -F'
FILECMD='file'
FOREIGN_WARN_CFLAGS=''
GETTEXT_MACRO_VERSION='0.24'
GL_CFLAG_ALLOW_WARNINGS='-Wno-error'
GL_CFLAG_GNULIB_WARNINGS=' -Wno-cast-qual -Wno-conversion -Wno-float-equal -Wno-sign-compare -Wno-undef -Wno-unused-function -Wno-unused-parameter -Wno-float-conversion -Wimplicit-fallthrough -Wno-pedantic -Wno-string-plus-int -Wno-tautological-constant-out-of-range-compare -Wno-sign-conversion -Wno-type-limits -Wno-unused-const-variable'
GL_COND_LIBTOOL_FALSE=''
GL_COND_LIBTOOL_TRUE='#'
GMSGFMT=':'
GMSGFMT_015=':'
GREP='/usr/bin/grep'
HAVE_CSC=''
HAVE_CSC_IN_PATH=''
HAVE_DOTNET_CSC=''
HAVE_DOTNET_IN_PATH=''
HAVE_DOTNET_SDK=''
HAVE_JAVAC=''
HAVE_JAVAC_ENVVAR=''
HAVE_JAVAC_IN_PATH='yes'
HAVE_MCS=''
HAVE_MCS_IN_PATH=''
INSTALLED_LIBINTL=''
INSTALL_DATA='${INSTALL} -m 644'
INSTALL_PROGRAM='${INSTALL}'
INSTALL_SCRIPT='${INSTALL}'
INSTALL_STRIP_PROGRAM='$(install_sh) -c -s'
INTL_MACOSX_LIBS='-Wl,-framework -Wl,CoreFoundation -Wl,-framework -Wl,CoreServices'
JAR='jar'
JAVA_CHOICE='yes'
LD='/Applications/Xcode.app/Contents/Developer/Toolchains/XcodeDefault.xctoolchain/usr/bin/ld'
LDFLAGS=''
LIBGNU_LIBDEPS=''
LIBGNU_LTLIBDEPS=''
LIBINTL=''
LIBOBJS=''
LIBS=''
LIBTOOL='$(SHELL) $(top_builddir)/libtool'
LIPO='lipo'
LN_S='ln -s'
LTLIBINTL=''
LTLIBOBJS=''
LT_SYS_LIBRARY_PATH=''
M2C=''
M2FLAGS=''
M2SHLIBEXT=''
MAKEINFO='${SHELL} '\''/Users/sedwards/gtk/source/gettext-1.0/build-aux/missing'\'' makeinfo'
MANIFEST_TOOL=':'
MKDIR_P='./../build-aux/install-sh -c -d'
MODULA2_CHOICE='yes'
MSGFMT=':'
MSGMERGE=':'
MSGMERGE_FOR_MSGFMT_OPTION='--no-location --quiet'
NM='/usr/bin/nm -B'
NMEDIT='nmedit'
NO_EXPENSIVE_WARN_CFLAGS=''
OBJDUMP='objdump'
OBJEXT='o'
OTOOL64=':'
OTOOL='otool'
PACKAGE='gettext-runtime'
PACKAGE_BUGREPORT='bug-gettext@gnu.org'
PACKAGE_NAME='gettext-runtime'
PACKAGE_STRING='gettext-runtime 1.0'
PACKAGE_TARNAME='gettext-runtime'
PACKAGE_URL=''
PACKAGE_VERSION='1.0'
PATH_SEPARATOR=':'
PERL='/usr/bin/perl'
POSUB=''
RANLIB='ranlib'
RC=''
SED='/Users/sedwards/gtk/bin/gsed'
SET_MAKE=''
SHELL='/bin/sh'
STRIP='strip'
USE_INCLUDED_LIBINTL='no'
USE_INCLUDED_LIBINTL_FALSE=''
USE_INCLUDED_LIBINTL_TRUE='#'
USE_NLS='no'
VALUE_OF_LC_ALL=''
VALUE_OF_LC_COLLATE=''
VALUE_OF_LC_CTYPE=''
VALUE_OF_LC_MESSAGES=''
VALUE_OF_LC_MONETARY=''
VALUE_OF_LC_NUMERIC=''
VALUE_OF_LC_TIME=''
VERSION='1.0'
WARN_CFLAGS=''
WINDOWS_NATIVE_FALSE=''
WINDOWS_NATIVE_TRUE='#'
WINDRES=''
WOE32DLL_FALSE=''
WOE32DLL_TRUE='#'
WOE32_FALSE=''
WOE32_TRUE='#'
XGETTEXT=':'
XGETTEXT_015=':'
XGETTEXT_EXTRA_OPTIONS=''
ac_ct_AR='ar'
ac_ct_CC='gcc'
ac_ct_CXX='g++'
ac_ct_DUMPBIN=''
ac_ct_M2C=''
am__EXEEXT_FALSE=''
am__EXEEXT_TRUE='#'
am__fastdepCC_FALSE=''
am__fastdepCC_TRUE='#'
am__fastdepCXX_FALSE=''
am__fastdepCXX_TRUE='#'
am__include='include'
am__isrc=''
am__leading_dot='.'
am__nodep=''
am__quote=''
am__rm_f_notfound=''
am__tar='tar --format=ustar -chf - "$$tardir"'
am__untar='tar -xf -'
am__xargs_n='xargs -n'
bindir='${exec_prefix}/bin'
bindir_c='"/Users/sedwards/gtk/bin"'
bindir_c_make='\"$(bindir)\"'
build='aarch64-apple-darwin25.4.0'
build_alias=''
build_cpu='aarch64'
build_os='darwin25.4.0'
build_vendor='apple'
datadir='${datarootdir}'
datarootdir='${prefix}/share'
docdir='${datarootdir}/doc/gettext'
dvidir='${docdir}'
exec_prefix='${prefix}'
gl_LIBOBJDEPS=''
gl_LIBOBJS=''
gl_LTLIBOBJS=''
gl_libgnu_LIBOBJDEPS=''
gl_libgnu_LIBOBJS=''
gl_libgnu_LTLIBOBJS=''
gltests_LIBOBJDEPS=''
gltests_LIBOBJS=''
gltests_LTLIBOBJS=''
gltests_WITNESS='IN_GETTEXT_RUNTIME_GNULIB_TESTS'
gltests_libgnu_LIBOBJDEPS=''
gltests_libgnu_LIBOBJS=''
gltests_libgnu_LTLIBOBJS=''
host='aarch64-apple-darwin25.4.0'
host_alias=''
host_cpu='aarch64'
host_os='darwin25.4.0'
host_vendor='apple'
htmldir='${docdir}'
includedir='${prefix}/include'
infodir='${datarootdir}/info'
install_sh='${SHELL} /Users/sedwards/gtk/source/gettext-1.0/build-aux/install-sh'
libdir='${exec_prefix}/lib'
libexecdir='${exec_prefix}/libexec'
localedir='${datarootdir}/locale'
localedir_c='"/Users/sedwards/gtk/share/locale"'
localedir_c_make='\"$(localedir)\"'
localstatedir='${prefix}/var'
mandir='${datarootdir}/man'
mkdir_p='$(MKDIR_P)'
oldincludedir='/usr/include'
pdfdir='${docdir}'
prefix='/Users/sedwards/gtk'
program_transform_name='s,x,x,'
psdir='${docdir}'
runstatedir='${localstatedir}/run'
sbindir='${exec_prefix}/sbin'
sharedstatedir='${prefix}/com'
subdirs=' intl libasprintf'
sysconfdir='${prefix}/etc'
target_alias=''

## ----------- ##
## confdefs.h. ##
## ----------- ##

/* confdefs.h */
#define PACKAGE_NAME "gettext-runtime"
#define PACKAGE_TARNAME "gettext-runtime"
#define PACKAGE_VERSION "package"
#define PACKAGE_STRING "gettext-runtime package"
#define PACKAGE_BUGREPORT "bug-gettext@gnu.org"
#define PACKAGE_URL ""
#undef PACKAGE_VERSION
#define PACKAGE_VERSION "1.0"
#undef PACKAGE_STRING
#define PACKAGE_STRING "gettext-runtime 1.0"
#define PACKAGE "gettext-runtime"
#define VERSION "1.0"
#define HAVE_STDIO_H 1
#define HAVE_STDLIB_H 1
#define HAVE_STRING_H 1
#define HAVE_INTTYPES_H 1
#define HAVE_STDINT_H 1
#define HAVE_STRINGS_H 1
#define HAVE_SYS_STAT_H 1
#define HAVE_SYS_TYPES_H 1
#define HAVE_UNISTD_H 1
#define STDC_HEADERS 1
#define HAVE_DLFCN_H 1
#define LT_OBJDIR ".libs/"
#define HAVE_CFPREFERENCESCOPYAPPVALUE 1
#define HAVE_CFLOCALECOPYPREFERREDLANGUAGES 1

configure: exit 0

## ---------------------- ##
## Running config.status. ##
## ---------------------- ##

This file was extended by gettext-runtime config.status package, which was
generated by GNU Autoconf 2.71.  Invocation command line was

  CONFIG_FILES    = 
  CONFIG_HEADERS  = 
  CONFIG_LINKS    = 
  CONFIG_COMMANDS = 
  $ ./config.status 

on sedwards-mini.local

config.status:1262: creating Makefile
config.status:1262: creating uninstalled-config.sh
config.status:1262: creating doc/Makefile
config.status:1262: creating intl-java/Makefile
config.status:1262: creating intl-csharp/Makefile
config.status:1262: creating intl-d/Makefile
config.status:1262: creating intl-modula2/Makefile
config.status:1262: creating intl-modula2/Libintl.def
config.status:1262: creating gnulib-lib/Makefile
config.status:1262: creating src/Makefile
config.status:1262: creating src/gettext.sh
config.status:1262: creating po/Makefile.in
config.status:1262: creating man/Makefile
config.status:1262: creating man/x-to-1
config.status:1262: creating m4/Makefile
config.status:1262: creating tests/Makefile
config.status:1262: creating install-tests/Makefile
config.status:1262: creating config.h
config.status:1491: executing depfiles commands
config.status:1491: executing libtool commands
config.status:1491: executing po-directories commands

## ---------------------- ##
## Running config.status. ##
## ---------------------- ##

This file was extended by gettext-runtime config.status package, which was
generated by GNU Autoconf 2.71.  Invocation command line was

  CONFIG_FILES    = 
  CONFIG_HEADERS  = 
  CONFIG_LINKS    = 
  CONFIG_COMMANDS = 
  $ ./config.status config.h

on sedwards-mini.local

config.status:1262: creating config.h
