This file contains any messages produced by compilers while
running configure, to aid debugging if configure makes a mistake.

It was created by libasprintf configure 1.0, which was
generated by GNU Autoconf 2.71.  Invocation command line was

  $ ./configure --disable-option-checking --prefix=/Users/sedwards/gtk M4=/Users/sedwards/gtk/bin/m4 --disable-dependency-tracking --without-libxml2 --disable-nls --disable-intl --cache-file=/dev/null --srcdir=.

## --------- ##
## Platform. ##
## --------- ##

hostname = sedwards-mini.local
uname -m = arm64
uname -r = 25.4.0
uname -s = Darwin
uname -v = Darwin Kernel Version 25.4.0: Thu Mar 19 19:31:09 PDT 2026; root:xnu-12377.101.15~1/RELEASE_ARM64_T8132

/usr/bin/uname -p = arm
/bin/uname -X     = unknown

/bin/arch              = unknown
/usr/bin/arch -k       = unknown
/usr/convex/getsysinfo = unknown
/usr/bin/hostinfo      = Mach kernel version:
	 Darwin Kernel Version 25.4.0: Thu Mar 19 19:31:09 PDT 2026; root:xnu-12377.101.15~1/RELEASE_ARM64_T8132
Kernel configured for up to 10 processors.
10 processors are physically available.
10 processors are logically available.
Processor type: arm64e (ARM64E)
Processors active: 0 1 2 3 4 5 6 7 8 9
Primary memory available: 16.00 gigabytes
Default processor set: 634 tasks, 2367 threads, 10 processors
Load average: 1.82, Mach factor: 8.16
/bin/machine           = unknown
/usr/bin/oslevel       = unknown
/bin/universe          = unknown

PATH: /Users/sedwards/gtk/bin/
PATH: /usr/bin/
PATH: /bin/
PATH: /usr/sbin/
PATH: /sbin/


## ----------- ##
## Core tests. ##
## ----------- ##

configure:2949: looking for aux files: ltmain.sh config.guess config.sub compile missing install-sh
configure:2962:  trying ./../../build-aux/
configure:2991:   ./../../build-aux/ltmain.sh found
configure:2991:   ./../../build-aux/config.guess found
configure:2991:   ./../../build-aux/config.sub found
configure:2991:   ./../../build-aux/compile found
configure:2991:   ./../../build-aux/missing found
configure:2973:   ./../../build-aux/install-sh found
configure:3122: checking for a BSD-compatible install
configure:3195: result: /usr/bin/install -c
configure:3206: checking whether sleep supports fractional seconds
configure:3220: result: yes
configure:3223: checking filesystem timestamp resolution
configure:3357: result: 2
configure:3362: checking whether build environment is sane
configure:3407: result: yes
configure:3575: checking for a race-free mkdir -p
configure:3619: result: ./../../build-aux/install-sh -c -d
configure:3626: checking for gawk
configure:3661: result: no
configure:3626: checking for mawk
configure:3661: result: no
configure:3626: checking for nawk
configure:3661: result: no
configure:3626: checking for awk
configure:3647: found /usr/bin/awk
configure:3658: result: awk
configure:3669: checking whether make sets $(MAKE)
configure:3692: result: yes
configure:3718: checking whether make supports nested variables
configure:3736: result: yes
configure:3749: checking xargs -n works
configure:3763: result: yes
configure:3847: checking whether UID '501' is supported by ustar format
configure:3853: result: yes
configure:3860: checking whether GID '20' is supported by ustar format
configure:3866: result: yes
configure:3874: checking how to create a ustar tar archive
configure:3885: tar --version
bsdtar 3.5.3 - libarchive 3.7.4 zlib/1.2.12 liblzma/5.4.3 bz2lib/1.0.8 
configure:3888: $? = 0
configure:3928: tardir=conftest.dir && eval tar --format=ustar -chf - "$tardir" >conftest.tar
configure:3931: $? = 0
configure:3935: tar -xf - <conftest.tar
configure:3938: $? = 0
configure:3940: cat conftest.dir/file
GrepMe
configure:3943: $? = 0
configure:3957: result: gnutar
configure:4048: checking for gcc
configure:4069: found /usr/bin/gcc
configure:4080: result: gcc
configure:4433: checking for C compiler version
configure:4442: gcc --version >&5
Apple clang version 21.0.0 (clang-2100.0.123.102)
Target: arm64-apple-darwin25.4.0
Thread model: posix
InstalledDir: /Applications/Xcode.app/Contents/Developer/Toolchains/XcodeDefault.xctoolchain/usr/bin
configure:4453: $? = 0
configure:4442: gcc -v >&5
Apple clang version 21.0.0 (clang-2100.0.123.102)
Target: arm64-apple-darwin25.4.0
Thread model: posix
InstalledDir: /Applications/Xcode.app/Contents/Developer/Toolchains/XcodeDefault.xctoolchain/usr/bin
configure:4453: $? = 0
configure:4442: gcc -V >&5
clang: error: argument to '-V' is missing (expected 1 value)
clang: error: no input files
configure:4453: $? = 1
configure:4442: gcc -qversion >&5
clang: error: unknown argument '-qversion'; did you mean '--version'?
clang: error: no input files
configure:4453: $? = 1
configure:4442: gcc -version >&5
clang: error: unknown argument '-version'; did you mean '--version'?
clang: error: no input files
configure:4453: $? = 1
configure:4473: checking whether the C compiler works
configure:4495: gcc    conftest.c  >&5
configure:4499: $? = 0
configure:4549: result: yes
configure:4552: checking for C compiler default output file name
configure:4554: result: a.out
configure:4560: checking for suffix of executables
configure:4567: gcc -o conftest    conftest.c  >&5
configure:4571: $? = 0
configure:4594: result: 
configure:4616: checking whether we are cross compiling
configure:4624: gcc -o conftest    conftest.c  >&5
configure:4628: $? = 0
configure:4635: ./conftest
configure:4639: $? = 0
configure:4654: result: no
configure:4659: checking for suffix of object files
configure:4682: gcc -c   conftest.c >&5
configure:4686: $? = 0
configure:4708: result: o
configure:4712: checking whether the compiler supports GNU C
configure:4732: gcc -c   conftest.c >&5
configure:4732: $? = 0
configure:4742: result: yes
configure:4753: checking whether gcc accepts -g
configure:4774: gcc -c -g  conftest.c >&5
configure:4774: $? = 0
configure:4818: result: yes
configure:4838: checking for gcc option to enable C11 features
configure:4853: gcc  -c -g -O2  conftest.c >&5
conftest.c:25:14: warning: a function definition without a prototype is deprecated in all versions of C and is not supported in C23 [-Wdeprecated-non-prototype]
   25 | static char *e (p, i)
      |              ^
1 warning generated.
configure:4853: $? = 0
configure:4871: result: none needed
configure:4987: checking whether gcc understands -c and -o together
configure:5010: gcc -c conftest.c -o conftest2.o
configure:5013: $? = 0
configure:5010: gcc -c conftest.c -o conftest2.o
configure:5013: $? = 0
configure:5028: result: yes
configure:5046: checking whether the compiler is clang
configure:5068: gcc -c -g -O2  conftest.c >&5
conftest.c:13:12: error: unknown type name 'barfbarf'
   13 |            barfbarf
      |            ^
1 error generated.
configure:5068: $? = 1
configure: failed program was:
| /* confdefs.h */
| #define PACKAGE_NAME "libasprintf"
| #define PACKAGE_TARNAME "libasprintf"
| #define PACKAGE_VERSION "1.0"
| #define PACKAGE_STRING "libasprintf 1.0"
| #define PACKAGE_BUGREPORT ""
| #define PACKAGE_URL ""
| #define PACKAGE "libasprintf"
| #define VERSION "1.0"
| /* end confdefs.h.  */
| 
|            #ifdef __clang__
|            barfbarf
|            #endif
| 
| int
| main (void)
| {
| 
|   ;
|   return 0;
| }
| 
configure:5077: result: yes
configure:5081: checking for compiler option needed when checking for declarations
configure:5101: gcc -c -g -O2  conftest.c >&5 -Werror=implicit-function-declaration
configure:5101: $? = 0
configure:5114: result: -Werror=implicit-function-declaration
configure:5126: checking whether make supports the include directive
configure:5141: make -f confmf.GNU && cat confinc.out
this is the am__doit target
configure:5144: $? = 0
configure:5163: result: yes (GNU style)
configure:5189: checking dependency style of gcc
configure:5301: result: none
configure:5385: checking for g++
configure:5406: found /usr/bin/g++
configure:5417: result: g++
configure:5444: checking for C++ compiler version
configure:5453: g++ --version >&5
Apple clang version 21.0.0 (clang-2100.0.123.102)
Target: arm64-apple-darwin25.4.0
Thread model: posix
InstalledDir: /Applications/Xcode.app/Contents/Developer/Toolchains/XcodeDefault.xctoolchain/usr/bin
configure:5464: $? = 0
configure:5453: g++ -v >&5
Apple clang version 21.0.0 (clang-2100.0.123.102)
Target: arm64-apple-darwin25.4.0
Thread model: posix
InstalledDir: /Applications/Xcode.app/Contents/Developer/Toolchains/XcodeDefault.xctoolchain/usr/bin
configure:5464: $? = 0
configure:5453: g++ -V >&5
clang++: error: argument to '-V' is missing (expected 1 value)
clang++: error: no input files
configure:5464: $? = 1
configure:5453: g++ -qversion >&5
clang++: error: unknown argument '-qversion'; did you mean '--version'?
clang++: error: no input files
configure:5464: $? = 1
configure:5468: checking whether the compiler supports GNU C++
configure:5488: g++ -c   conftest.cpp >&5
configure:5488: $? = 0
configure:5498: result: yes
configure:5509: checking whether g++ accepts -g
configure:5530: g++ -c -g  conftest.cpp >&5
configure:5530: $? = 0
configure:5574: result: yes
configure:5594: checking for g++ option to enable C++11 features
configure:5609: g++  -c -g -O2  conftest.cpp >&5
conftest.cpp:177:25: warning: empty parentheses interpreted as a function declaration [-Wvexing-parse]
  177 |   cxx11test::delegate d2();
      |                         ^~
conftest.cpp:177:25: note: remove parentheses to declare a variable
  177 |   cxx11test::delegate d2();
      |                         ^~
1 warning generated.
configure:5609: $? = 0
configure:5627: result: none needed
configure:5693: checking dependency style of g++
configure:5805: result: none
configure:5828: checking build system type
configure:5843: result: aarch64-apple-darwin25.4.0
configure:5863: checking host system type
configure:5877: result: aarch64-apple-darwin25.4.0
configure:5907: checking how to run the C preprocessor
configure:5933: gcc -E  conftest.c
configure:5933: $? = 0
configure:5948: gcc -E  conftest.c
conftest.c:11:10: fatal error: 'ac_nonexistent.h' file not found
   11 | #include <ac_nonexistent.h>
      |          ^~~~~~~~~~~~~~~~~~
1 error generated.
configure:5948: $? = 1
configure: failed program was:
| /* confdefs.h */
| #define PACKAGE_NAME "libasprintf"
| #define PACKAGE_TARNAME "libasprintf"
| #define PACKAGE_VERSION "1.0"
| #define PACKAGE_STRING "libasprintf 1.0"
| #define PACKAGE_BUGREPORT ""
| #define PACKAGE_URL ""
| #define PACKAGE "libasprintf"
| #define VERSION "1.0"
| /* end confdefs.h.  */
| #include <ac_nonexistent.h>
configure:5975: result: gcc -E
configure:5989: gcc -E  conftest.c
configure:5989: $? = 0
configure:6004: gcc -E  conftest.c
conftest.c:11:10: fatal error: 'ac_nonexistent.h' file not found
   11 | #include <ac_nonexistent.h>
      |          ^~~~~~~~~~~~~~~~~~
1 error generated.
configure:6004: $? = 1
configure: failed program was:
| /* confdefs.h */
| #define PACKAGE_NAME "libasprintf"
| #define PACKAGE_TARNAME "libasprintf"
| #define PACKAGE_VERSION "1.0"
| #define PACKAGE_STRING "libasprintf 1.0"
| #define PACKAGE_BUGREPORT ""
| #define PACKAGE_URL ""
| #define PACKAGE "libasprintf"
| #define VERSION "1.0"
| /* end confdefs.h.  */
| #include <ac_nonexistent.h>
configure:6035: checking for grep that handles long lines and -e
configure:6099: result: /usr/bin/grep
configure:6104: checking for egrep
configure:6172: result: /usr/bin/grep -E
configure:6180: checking for Minix Amsterdam compiler
configure:6206: result: no
configure:6268: checking for ar
configure:6289: found /usr/bin/ar
configure:6300: result: ar
configure:6380: checking for ranlib
configure:6401: found /usr/bin/ranlib
configure:6412: result: ranlib
configure:6455: checking whether C compiler handles -Werror -Wunknown-warning-option
configure:6475: gcc -o conftest -g -O2  -Werror -Wunknown-warning-option   conftest.c  >&5
configure:6475: $? = 0
configure:6486: result: yes
configure:7253: checking how to print strings
configure:7280: result: printf
configure:7301: checking for a sed that does not truncate output
configure:7371: result: /Users/sedwards/gtk/bin/gsed
configure:7389: checking for fgrep
configure:7457: result: /usr/bin/grep -F
configure:7493: checking for ld used by gcc
configure:7561: result: /Applications/Xcode.app/Contents/Developer/Toolchains/XcodeDefault.xctoolchain/usr/bin/ld
configure:7568: checking if the linker (/Applications/Xcode.app/Contents/Developer/Toolchains/XcodeDefault.xctoolchain/usr/bin/ld) is GNU ld
configure:7584: result: no
configure:7596: checking for BSD- or MS-compatible name lister (nm)
configure:7651: result: /usr/bin/nm -B
configure:7791: checking the name lister (/usr/bin/nm -B) interface
configure:7799: gcc -c -g -O2  conftest.c >&5
configure:7802: /usr/bin/nm -B "conftest.o"
configure:7805: output
00000000000002a0 S _some_variable
0000000000000000 t ltmp0
00000000000002a0 s ltmp1
configure:7812: result: BSD nm
configure:7815: checking whether ln -s works
configure:7819: result: yes
configure:7827: checking the maximum length of command line arguments
configure:7959: result: 786432
configure:8007: checking how to convert aarch64-apple-darwin25.4.0 file names to aarch64-apple-darwin25.4.0 format
configure:8048: result: func_convert_file_noop
configure:8055: checking how to convert aarch64-apple-darwin25.4.0 file names to toolchain format
configure:8076: result: func_convert_file_noop
configure:8083: checking for /Applications/Xcode.app/Contents/Developer/Toolchains/XcodeDefault.xctoolchain/usr/bin/ld option to reload object files
configure:8091: result: -r
configure:8124: checking for file
configure:8145: found /usr/bin/file
configure:8157: result: file
configure:8219: checking for objdump
configure:8240: found /usr/bin/objdump
configure:8251: result: objdump
configure:8280: checking how to recognize dependent libraries
configure:8488: result: pass_all
configure:8578: checking for dlltool
configure:8613: result: no
configure:8640: checking how to associate runtime and link libraries
configure:8668: result: printf %s\n
configure:8818: checking for archiver @FILE support
configure:8836: gcc -c -g -O2  conftest.c >&5
configure:8836: $? = 0
configure:8840: ar cr libconftest.a @conftest.lst >&5
ar: @conftest.lst: No such file or directory
configure:8843: $? = 1
configure:8863: result: no
configure:8926: checking for strip
configure:8947: found /usr/bin/strip
configure:8958: result: strip
configure:9061: checking command to parse /usr/bin/nm -B output from gcc object
configure:9215: gcc -c -g -O2  conftest.c >&5
configure:9218: $? = 0
configure:9222: /usr/bin/nm -B conftest.o | /Users/sedwards/gtk/bin/gsed -n -e 's/^.*[	 ]\([ABCDGIRSTW][ABCDGIRSTW]*\)[	 ][	 ]*\([_A-Za-z][_A-Za-z0-9]*\)$/\1 \2 \2/p' | /Users/sedwards/gtk/bin/gsed '/ __gnu_lto/d' > conftest.nm
cannot find nm_test_var in conftest.nm
configure:9215: gcc -c -g -O2  conftest.c >&5
configure:9218: $? = 0
configure:9222: /usr/bin/nm -B conftest.o | /Users/sedwards/gtk/bin/gsed -n -e 's/^.*[	 ]\([ABCDGIRSTW][ABCDGIRSTW]*\)[	 ][	 ]*_\([_A-Za-z][_A-Za-z0-9]*\)$/\1 _\2 \2/p' | /Users/sedwards/gtk/bin/gsed '/ __gnu_lto/d' > conftest.nm
configure:9288: gcc -o conftest -g -O2   conftest.c conftstm.o >&5
configure:9291: $? = 0
configure:9329: result: ok
configure:9376: checking for sysroot
configure:9409: result: no
configure:9416: checking for a working dd
configure:9460: result: /bin/dd
configure:9464: checking how to truncate binary pipes
configure:9480: result: /bin/dd bs=4096 count=1
configure:9817: checking for mt
configure:9852: result: no
configure:9872: checking if : is a manifest tool
configure:9879: : '-?'
configure:9887: result: no
configure:9948: checking for dsymutil
configure:9969: found /usr/bin/dsymutil
configure:9980: result: dsymutil
configure:10050: checking for nmedit
configure:10071: found /usr/bin/nmedit
configure:10082: result: nmedit
configure:10152: checking for lipo
configure:10173: found /usr/bin/lipo
configure:10184: result: lipo
configure:10254: checking for otool
configure:10275: found /usr/bin/otool
configure:10286: result: otool
configure:10356: checking for otool64
configure:10391: result: no
configure:10436: checking for -single_module linker flag
gcc -g -O2  -o libconftest.dylib -dynamiclib -Wl,-single_module conftest.c
ld: warning: -single_module is obsolete
configure:10470: result: no
configure:10475: checking for -no_fixup_chains linker flag
configure:10494: gcc -o conftest -g -O2   -Wl,-no_fixup_chains conftest.c  >&5
configure:10494: $? = 0
configure:10507: result: yes
configure:10510: checking for -exported_symbols_list linker flag
configure:10531: gcc -o conftest -g -O2   -Wl,-exported_symbols_list,conftest.sym conftest.c  >&5
configure:10531: $? = 0
configure:10542: result: yes
configure:10545: checking for -force_load linker flag
gcc -g -O2 -c -o conftest.o conftest.c
ar cr libconftest.a conftest.o
ranlib libconftest.a
gcc -g -O2  -o conftest conftest.c -Wl,-force_load,./libconftest.a
configure:10578: result: yes
configure:10668: checking for stdio.h
configure:10668: gcc -c -g -O2  conftest.c >&5
configure:10668: $? = 0
configure:10668: result: yes
configure:10668: checking for stdlib.h
configure:10668: gcc -c -g -O2  conftest.c >&5
configure:10668: $? = 0
configure:10668: result: yes
configure:10668: checking for string.h
configure:10668: gcc -c -g -O2  conftest.c >&5
configure:10668: $? = 0
configure:10668: result: yes
configure:10668: checking for inttypes.h
configure:10668: gcc -c -g -O2  conftest.c >&5
configure:10668: $? = 0
configure:10668: result: yes
configure:10668: checking for stdint.h
configure:10668: gcc -c -g -O2  conftest.c >&5
configure:10668: $? = 0
configure:10668: result: yes
configure:10668: checking for strings.h
configure:10668: gcc -c -g -O2  conftest.c >&5
configure:10668: $? = 0
configure:10668: result: yes
configure:10668: checking for sys/stat.h
configure:10668: gcc -c -g -O2  conftest.c >&5
configure:10668: $? = 0
configure:10668: result: yes
configure:10668: checking for sys/types.h
configure:10668: gcc -c -g -O2  conftest.c >&5
configure:10668: $? = 0
configure:10668: result: yes
configure:10668: checking for unistd.h
configure:10668: gcc -c -g -O2  conftest.c >&5
configure:10668: $? = 0
configure:10668: result: yes
configure:10668: checking for wchar.h
configure:10668: gcc -c -g -O2  conftest.c >&5
configure:10668: $? = 0
configure:10668: result: yes
configure:10668: checking for minix/config.h
configure:10668: gcc -c -g -O2  conftest.c >&5
conftest.c:49:10: fatal error: 'minix/config.h' file not found
   49 | #include <minix/config.h>
      |          ^~~~~~~~~~~~~~~~
1 error generated.
configure:10668: $? = 1
configure: failed program was:
| /* confdefs.h */
| #define PACKAGE_NAME "libasprintf"
| #define PACKAGE_TARNAME "libasprintf"
| #define PACKAGE_VERSION "1.0"
| #define PACKAGE_STRING "libasprintf 1.0"
| #define PACKAGE_BUGREPORT ""
| #define PACKAGE_URL ""
| #define PACKAGE "libasprintf"
| #define VERSION "1.0"
| #define HAVE_STDIO_H 1
| #define HAVE_STDLIB_H 1
| #define HAVE_STRING_H 1
| #define HAVE_INTTYPES_H 1
| #define HAVE_STDINT_H 1
| #define HAVE_STRINGS_H 1
| #define HAVE_SYS_STAT_H 1
| #define HAVE_SYS_TYPES_H 1
| #define HAVE_UNISTD_H 1
| #define HAVE_WCHAR_H 1
| /* end confdefs.h.  */
| #include <stddef.h>
| #ifdef HAVE_STDIO_H
| # include <stdio.h>
| #endif
| #ifdef HAVE_STDLIB_H
| # include <stdlib.h>
| #endif
| #ifdef HAVE_STRING_H
| # include <string.h>
| #endif
| #ifdef HAVE_INTTYPES_H
| # include <inttypes.h>
| #endif
| #ifdef HAVE_STDINT_H
| # include <stdint.h>
| #endif
| #ifdef HAVE_STRINGS_H
| # include <strings.h>
| #endif
| #ifdef HAVE_SYS_TYPES_H
| # include <sys/types.h>
| #endif
| #ifdef HAVE_SYS_STAT_H
| # include <sys/stat.h>
| #endif
| #ifdef HAVE_UNISTD_H
| # include <unistd.h>
| #endif
| #include <minix/config.h>
configure:10668: result: no
configure:10693: checking for dlfcn.h
configure:10693: gcc -c -g -O2  conftest.c >&5
configure:10693: $? = 0
configure:10693: result: yes
configure:11327: checking for objdir
configure:11343: result: .libs
configure:11607: checking if gcc supports -fno-rtti -fno-exceptions
configure:11626: gcc -c -g -O2  -fno-rtti -fno-exceptions conftest.c >&5
configure:11630: $? = 0
configure:11643: result: yes
configure:12016: checking for gcc option to produce PIC
configure:12024: result: -fno-common -DPIC
configure:12032: checking if gcc PIC flag -fno-common -DPIC works
configure:12051: gcc -c -g -O2  -fno-common -DPIC -DPIC conftest.c >&5
configure:12055: $? = 0
configure:12068: result: yes
configure:12097: checking if gcc static flag -static works
configure:12126: result: no
configure:12141: checking if gcc supports -c -o file.o
configure:12163: gcc -c -g -O2  -o out/conftest2.o conftest.c >&5
configure:12167: $? = 0
configure:12189: result: yes
configure:12197: checking if gcc supports -c -o file.o
configure:12245: result: yes
configure:12278: checking whether the gcc linker (/Applications/Xcode.app/Contents/Developer/Toolchains/XcodeDefault.xctoolchain/usr/bin/ld) supports shared libraries
configure:13557: result: yes
configure:13798: checking dynamic linker characteristics
configure:15177: result: darwin25.4.0 dyld
configure:15299: checking how to hardcode library paths into programs
configure:15324: result: immediate
configure:15876: checking whether stripping libraries is possible
configure:15893: result: yes
configure:15927: checking if libtool supports shared libraries
configure:15929: result: yes
configure:15932: checking whether to build shared libraries
configure:15957: result: yes
configure:15960: checking whether to build static libraries
configure:15964: result: yes
configure:15987: checking how to run the C++ preprocessor
configure:16009: g++ -E  conftest.cpp
configure:16009: $? = 0
configure:16024: g++ -E  conftest.cpp
conftest.cpp:24:10: fatal error: 'ac_nonexistent.h' file not found
   24 | #include <ac_nonexistent.h>
      |          ^~~~~~~~~~~~~~~~~~
1 error generated.
configure:16024: $? = 1
configure: failed program was:
| /* confdefs.h */
| #define PACKAGE_NAME "libasprintf"
| #define PACKAGE_TARNAME "libasprintf"
| #define PACKAGE_VERSION "1.0"
| #define PACKAGE_STRING "libasprintf 1.0"
| #define PACKAGE_BUGREPORT ""
| #define PACKAGE_URL ""
| #define PACKAGE "libasprintf"
| #define VERSION "1.0"
| #define HAVE_STDIO_H 1
| #define HAVE_STDLIB_H 1
| #define HAVE_STRING_H 1
| #define HAVE_INTTYPES_H 1
| #define HAVE_STDINT_H 1
| #define HAVE_STRINGS_H 1
| #define HAVE_SYS_STAT_H 1
| #define HAVE_SYS_TYPES_H 1
| #define HAVE_UNISTD_H 1
| #define HAVE_WCHAR_H 1
| #define STDC_HEADERS 1
| #define HAVE_DLFCN_H 1
| #define LT_OBJDIR ".libs/"
| /* end confdefs.h.  */
| #include <ac_nonexistent.h>
configure:16051: result: g++ -E
configure:16065: g++ -E  conftest.cpp
configure:16065: $? = 0
configure:16080: g++ -E  conftest.cpp
conftest.cpp:24:10: fatal error: 'ac_nonexistent.h' file not found
   24 | #include <ac_nonexistent.h>
      |          ^~~~~~~~~~~~~~~~~~
1 error generated.
configure:16080: $? = 1
configure: failed program was:
| /* confdefs.h */
| #define PACKAGE_NAME "libasprintf"
| #define PACKAGE_TARNAME "libasprintf"
| #define PACKAGE_VERSION "1.0"
| #define PACKAGE_STRING "libasprintf 1.0"
| #define PACKAGE_BUGREPORT ""
| #define PACKAGE_URL ""
| #define PACKAGE "libasprintf"
| #define VERSION "1.0"
| #define HAVE_STDIO_H 1
| #define HAVE_STDLIB_H 1
| #define HAVE_STRING_H 1
| #define HAVE_INTTYPES_H 1
| #define HAVE_STDINT_H 1
| #define HAVE_STRINGS_H 1
| #define HAVE_SYS_STAT_H 1
| #define HAVE_SYS_TYPES_H 1
| #define HAVE_UNISTD_H 1
| #define HAVE_WCHAR_H 1
| #define STDC_HEADERS 1
| #define HAVE_DLFCN_H 1
| #define LT_OBJDIR ".libs/"
| /* end confdefs.h.  */
| #include <ac_nonexistent.h>
configure:16245: checking for ld used by g++
configure:16313: result: /Applications/Xcode.app/Contents/Developer/Toolchains/XcodeDefault.xctoolchain/usr/bin/ld
configure:16320: checking if the linker (/Applications/Xcode.app/Contents/Developer/Toolchains/XcodeDefault.xctoolchain/usr/bin/ld) is GNU ld
configure:16336: result: no
configure:16390: checking whether the g++ linker (/Applications/Xcode.app/Contents/Developer/Toolchains/XcodeDefault.xctoolchain/usr/bin/ld) supports shared libraries
configure:17476: result: yes
configure:17512: g++ -c -g -O2  conftest.cpp >&5
configure:17515: $? = 0
configure:18001: checking for g++ option to produce PIC
configure:18009: result: -fno-common -DPIC
configure:18017: checking if g++ PIC flag -fno-common -DPIC works
configure:18036: g++ -c -g -O2  -fno-common -DPIC -DPIC conftest.cpp >&5
configure:18040: $? = 0
configure:18053: result: yes
configure:18076: checking if g++ static flag -static works
configure:18105: result: no
configure:18117: checking if g++ supports -c -o file.o
configure:18139: g++ -c -g -O2  -o out/conftest2.o conftest.cpp >&5
configure:18143: $? = 0
configure:18165: result: yes
configure:18170: checking if g++ supports -c -o file.o
configure:18218: result: yes
configure:18248: checking whether the g++ linker (/Applications/Xcode.app/Contents/Developer/Toolchains/XcodeDefault.xctoolchain/usr/bin/ld) supports shared libraries
configure:18288: result: yes
configure:18430: checking dynamic linker characteristics
configure:19719: result: darwin25.4.0 dyld
configure:19784: checking how to hardcode library paths into programs
configure:19809: result: immediate
configure:19919: checking for windres
configure:19954: result: no
configure:20074: checking for features.h
configure:20074: gcc -c -g -O2  conftest.c >&5
conftest.c:52:10: fatal error: 'features.h' file not found
   52 | #include <features.h>
      |          ^~~~~~~~~~~~
1 error generated.
configure:20074: $? = 1
configure: failed program was:
| /* confdefs.h */
| #define PACKAGE_NAME "libasprintf"
| #define PACKAGE_TARNAME "libasprintf"
| #define PACKAGE_VERSION "1.0"
| #define PACKAGE_STRING "libasprintf 1.0"
| #define PACKAGE_BUGREPORT ""
| #define PACKAGE_URL ""
| #define PACKAGE "libasprintf"
| #define VERSION "1.0"
| #define HAVE_STDIO_H 1
| #define HAVE_STDLIB_H 1
| #define HAVE_STRING_H 1
| #define HAVE_INTTYPES_H 1
| #define HAVE_STDINT_H 1
| #define HAVE_STRINGS_H 1
| #define HAVE_SYS_STAT_H 1
| #define HAVE_SYS_TYPES_H 1
| #define HAVE_UNISTD_H 1
| #define HAVE_WCHAR_H 1
| #define STDC_HEADERS 1
| #define HAVE_DLFCN_H 1
| #define LT_OBJDIR ".libs/"
| /* end confdefs.h.  */
| #include <stddef.h>
| #ifdef HAVE_STDIO_H
| # include <stdio.h>
| #endif
| #ifdef HAVE_STDLIB_H
| # include <stdlib.h>
| #endif
| #ifdef HAVE_STRING_H
| # include <string.h>
| #endif
| #ifdef HAVE_INTTYPES_H
| # include <inttypes.h>
| #endif
| #ifdef HAVE_STDINT_H
| # include <stdint.h>
| #endif
| #ifdef HAVE_STRINGS_H
| # include <strings.h>
| #endif
| #ifdef HAVE_SYS_TYPES_H
| # include <sys/types.h>
| #endif
| #ifdef HAVE_SYS_STAT_H
| # include <sys/stat.h>
| #endif
| #ifdef HAVE_UNISTD_H
| # include <unistd.h>
| #endif
| #include <features.h>
configure:20074: result: no
configure:20082: checking for inline
configure:20099: gcc -c -g -O2  conftest.c >&5
configure:20099: $? = 0
configure:20108: result: inline
configure:20126: checking for size_t
configure:20126: gcc -c -g -O2  conftest.c >&5
configure:20126: $? = 0
configure:20126: gcc -c -g -O2  conftest.c >&5
conftest.c:55:21: error: expected expression
   55 | if (sizeof ((size_t)))
      |                     ^
1 error generated.
configure:20126: $? = 1
configure: failed program was:
| /* confdefs.h */
| #define PACKAGE_NAME "libasprintf"
| #define PACKAGE_TARNAME "libasprintf"
| #define PACKAGE_VERSION "1.0"
| #define PACKAGE_STRING "libasprintf 1.0"
| #define PACKAGE_BUGREPORT ""
| #define PACKAGE_URL ""
| #define PACKAGE "libasprintf"
| #define VERSION "1.0"
| #define HAVE_STDIO_H 1
| #define HAVE_STDLIB_H 1
| #define HAVE_STRING_H 1
| #define HAVE_INTTYPES_H 1
| #define HAVE_STDINT_H 1
| #define HAVE_STRINGS_H 1
| #define HAVE_SYS_STAT_H 1
| #define HAVE_SYS_TYPES_H 1
| #define HAVE_UNISTD_H 1
| #define HAVE_WCHAR_H 1
| #define STDC_HEADERS 1
| #define HAVE_DLFCN_H 1
| #define LT_OBJDIR ".libs/"
| /* end confdefs.h.  */
| #include <stddef.h>
| #ifdef HAVE_STDIO_H
| # include <stdio.h>
| #endif
| #ifdef HAVE_STDLIB_H
| # include <stdlib.h>
| #endif
| #ifdef HAVE_STRING_H
| # include <string.h>
| #endif
| #ifdef HAVE_INTTYPES_H
| # include <inttypes.h>
| #endif
| #ifdef HAVE_STDINT_H
| # include <stdint.h>
| #endif
| #ifdef HAVE_STRINGS_H
| # include <strings.h>
| #endif
| #ifdef HAVE_SYS_TYPES_H
| # include <sys/types.h>
| #endif
| #ifdef HAVE_SYS_STAT_H
| # include <sys/stat.h>
| #endif
| #ifdef HAVE_UNISTD_H
| # include <unistd.h>
| #endif
| int
| main (void)
| {
| if (sizeof ((size_t)))
| 	    return 0;
|   ;
|   return 0;
| }
configure:20126: result: yes
configure:20137: checking for unsigned long long int
configure:20179: gcc -o conftest -g -O2   conftest.c  >&5
configure:20179: $? = 0
configure:20189: result: yes
configure:20199: checking for long long int
configure:20241: gcc -o conftest -g -O2   conftest.c  >&5
configure:20241: $? = 0
configure:20241: ./conftest
configure:20241: $? = 0
configure:20254: result: yes
configure:20263: checking for wint_t
configure:20281: gcc -c -g -O2  conftest.c >&5
configure:20281: $? = 0
configure:20289: result: yes
configure:20296: checking whether wint_t is large enough
configure:20315: gcc -c -g -O2  conftest.c >&5
configure:20315: $? = 0
configure:20323: result: yes
configure:20341: checking whether it is safe to define __EXTENSIONS__
configure:20360: gcc -c -g -O2  conftest.c >&5
configure:20360: $? = 0
configure:20368: result: yes
configure:20371: checking whether _XOPEN_SOURCE should be defined
configure:20393: gcc -c -g -O2  conftest.c >&5
configure:20393: $? = 0
configure:20420: result: no
configure:20480: checking for mbstate_t
configure:20498: gcc -c -g -O2  conftest.c >&5
configure:20498: $? = 0
configure:20506: result: yes
configure:20518: checking for ptrdiff_t
configure:20518: gcc -c -g -O2  conftest.c >&5
configure:20518: $? = 0
configure:20518: gcc -c -g -O2  conftest.c >&5
conftest.c:76:24: error: expected expression
   76 | if (sizeof ((ptrdiff_t)))
      |                        ^
1 error generated.
configure:20518: $? = 1
configure: failed program was:
| /* confdefs.h */
| #define PACKAGE_NAME "libasprintf"
| #define PACKAGE_TARNAME "libasprintf"
| #define PACKAGE_VERSION "1.0"
| #define PACKAGE_STRING "libasprintf 1.0"
| #define PACKAGE_BUGREPORT ""
| #define PACKAGE_URL ""
| #define PACKAGE "libasprintf"
| #define VERSION "1.0"
| #define HAVE_STDIO_H 1
| #define HAVE_STDLIB_H 1
| #define HAVE_STRING_H 1
| #define HAVE_INTTYPES_H 1
| #define HAVE_STDINT_H 1
| #define HAVE_STRINGS_H 1
| #define HAVE_SYS_STAT_H 1
| #define HAVE_SYS_TYPES_H 1
| #define HAVE_UNISTD_H 1
| #define HAVE_WCHAR_H 1
| #define STDC_HEADERS 1
| #define HAVE_DLFCN_H 1
| #define LT_OBJDIR ".libs/"
| #define HAVE_UNSIGNED_LONG_LONG_INT 1
| #define HAVE_LONG_LONG_INT 1
| #define HAVE_WINT_T 1
| #define _ALL_SOURCE 1
| #define _DARWIN_C_SOURCE 1
| #define _GNU_SOURCE 1
| #define _HPUX_ALT_XOPEN_SOCKET_API 1
| #define _NETBSD_SOURCE 1
| #define _OPENBSD_SOURCE 1
| #define _POSIX_PTHREAD_SEMANTICS 1
| #define __STDC_WANT_IEC_60559_ATTRIBS_EXT__ 1
| #define __STDC_WANT_IEC_60559_BFP_EXT__ 1
| #define __STDC_WANT_IEC_60559_DFP_EXT__ 1
| #define __STDC_WANT_IEC_60559_EXT__ 1
| #define __STDC_WANT_IEC_60559_FUNCS_EXT__ 1
| #define __STDC_WANT_IEC_60559_TYPES_EXT__ 1
| #define __STDC_WANT_LIB_EXT2__ 1
| #define __STDC_WANT_MATH_SPEC_FUNCS__ 1
| #define _TANDEM_SOURCE 1
| #define __EXTENSIONS__ 1
| #define HAVE_MBSTATE_T 1
| /* end confdefs.h.  */
| #include <stddef.h>
| #ifdef HAVE_STDIO_H
| # include <stdio.h>
| #endif
| #ifdef HAVE_STDLIB_H
| # include <stdlib.h>
| #endif
| #ifdef HAVE_STRING_H
| # include <string.h>
| #endif
| #ifdef HAVE_INTTYPES_H
| # include <inttypes.h>
| #endif
| #ifdef HAVE_STDINT_H
| # include <stdint.h>
| #endif
| #ifdef HAVE_STRINGS_H
| # include <strings.h>
| #endif
| #ifdef HAVE_SYS_TYPES_H
| # include <sys/types.h>
| #endif
| #ifdef HAVE_SYS_STAT_H
| # include <sys/stat.h>
| #endif
| #ifdef HAVE_UNISTD_H
| # include <unistd.h>
| #endif
| int
| main (void)
| {
| if (sizeof ((ptrdiff_t)))
| 	    return 0;
|   ;
|   return 0;
| }
configure:20518: result: yes
configure:20530: checking for inttypes.h
configure:20550: gcc -c -g -O2  conftest.c >&5
configure:20550: $? = 0
configure:20558: result: yes
configure:20567: checking for stdint.h
configure:20585: gcc -c -g -O2  conftest.c >&5
configure:20585: $? = 0
configure:20593: result: yes
configure:20654: checking for C compiler option to allow warnings
configure:20663: gcc -g -O2  -c conftest.c 2>conftest1.err
configure:20666: $? = 0
configure:20669: gcc -g -O2  -Wno-error -c conftest.c 2>conftest2.err
configure:20672: $? = 0
configure:20682: result: -Wno-error
configure:20729: gcc -g -O2  -E conftest.c > conftest.out
configure:20732: $? = 0
configure:20816: checking for snprintf
configure:20816: gcc -o conftest -g -O2   conftest.c  >&5
conftest.c:64:6: warning: incompatible redeclaration of library function 'snprintf' [-Wincompatible-library-redeclaration]
   64 | char snprintf ();
      |      ^
conftest.c:64:6: note: 'snprintf' is a builtin with type 'int (char *restrict, unsigned long, const char *restrict, ...)'
1 warning generated.
configure:20816: $? = 0
configure:20816: result: yes
configure:20822: checking for vasprintf
configure:20822: gcc -o conftest -g -O2   conftest.c  >&5
conftest.c:76:19: warning: format string missing [-Wformat]
   76 | return vasprintf ();
      |        ~~~~~~~~~  ^
1 warning generated.
configure:20822: $? = 0
configure:20822: result: yes
configure:20828: checking for strnlen
configure:20828: gcc -o conftest -g -O2   conftest.c  >&5
configure:20828: $? = 0
configure:20828: result: yes
configure:20834: checking for wcslen
configure:20834: gcc -o conftest -g -O2   conftest.c  >&5
conftest.c:67:6: warning: incompatible redeclaration of library function 'wcslen' [-Wincompatible-library-redeclaration]
   67 | char wcslen ();
      |      ^
conftest.c:67:6: note: 'wcslen' is a builtin with type 'unsigned long (const int *)'
1 warning generated.
configure:20834: $? = 0
configure:20834: result: yes
configure:20840: checking for wcsnlen
configure:20840: gcc -o conftest -g -O2   conftest.c  >&5
configure:20840: $? = 0
configure:20840: result: yes
configure:20846: checking for mbrtowc
configure:20846: gcc -o conftest -g -O2   conftest.c  >&5
configure:20846: $? = 0
configure:20846: result: yes
configure:20852: checking for wcrtomb
configure:20852: gcc -o conftest -g -O2   conftest.c  >&5
configure:20852: $? = 0
configure:20852: result: yes
configure:20859: checking for gcc options needed to detect all undeclared functions
configure:20881: gcc -c -g -O2   conftest.c >&5
conftest.c:59:8: error: call to undeclared library function 'strchr' with type 'char *(const char *, int)'; ISO C99 and later do not support implicit function declarations [-Wimplicit-function-declaration]
   59 | (void) strchr;
      |        ^
conftest.c:59:8: note: include the header <string.h> or explicitly provide a declaration for 'strchr'
1 error generated.
configure:20881: $? = 1
configure: failed program was:
| /* confdefs.h */
| #define PACKAGE_NAME "libasprintf"
| #define PACKAGE_TARNAME "libasprintf"
| #define PACKAGE_VERSION "1.0"
| #define PACKAGE_STRING "libasprintf 1.0"
| #define PACKAGE_BUGREPORT ""
| #define PACKAGE_URL ""
| #define PACKAGE "libasprintf"
| #define VERSION "1.0"
| #define HAVE_STDIO_H 1
| #define HAVE_STDLIB_H 1
| #define HAVE_STRING_H 1
| #define HAVE_INTTYPES_H 1
| #define HAVE_STDINT_H 1
| #define HAVE_STRINGS_H 1
| #define HAVE_SYS_STAT_H 1
| #define HAVE_SYS_TYPES_H 1
| #define HAVE_UNISTD_H 1
| #define HAVE_WCHAR_H 1
| #define STDC_HEADERS 1
| #define HAVE_DLFCN_H 1
| #define LT_OBJDIR ".libs/"
| #define HAVE_UNSIGNED_LONG_LONG_INT 1
| #define HAVE_LONG_LONG_INT 1
| #define HAVE_WINT_T 1
| #define _ALL_SOURCE 1
| #define _DARWIN_C_SOURCE 1
| #define _GNU_SOURCE 1
| #define _HPUX_ALT_XOPEN_SOCKET_API 1
| #define _NETBSD_SOURCE 1
| #define _OPENBSD_SOURCE 1
| #define _POSIX_PTHREAD_SEMANTICS 1
| #define __STDC_WANT_IEC_60559_ATTRIBS_EXT__ 1
| #define __STDC_WANT_IEC_60559_BFP_EXT__ 1
| #define __STDC_WANT_IEC_60559_DFP_EXT__ 1
| #define __STDC_WANT_IEC_60559_EXT__ 1
| #define __STDC_WANT_IEC_60559_FUNCS_EXT__ 1
| #define __STDC_WANT_IEC_60559_TYPES_EXT__ 1
| #define __STDC_WANT_LIB_EXT2__ 1
| #define __STDC_WANT_MATH_SPEC_FUNCS__ 1
| #define _TANDEM_SOURCE 1
| #define __EXTENSIONS__ 1
| #define HAVE_MBSTATE_T 1
| #define HAVE_INTTYPES_H_WITH_UINTMAX 1
| #define HAVE_STDINT_H_WITH_UINTMAX 1
| #define HAVE_INTMAX_T 1
| #define HAVE_SNPRINTF 1
| #define HAVE_VASPRINTF 1
| #define HAVE_STRNLEN 1
| #define HAVE_WCSLEN 1
| #define HAVE_WCSNLEN 1
| #define HAVE_MBRTOWC 1
| #define HAVE_WCRTOMB 1
| /* end confdefs.h.  */
| 
| int
| main (void)
| {
| (void) strchr;
|   ;
|   return 0;
| }
configure:20908: gcc -c -g -O2   conftest.c >&5
configure:20908: $? = 0
configure:20925: result: none needed
configure:20939: checking whether _snprintf is declared
configure:20939: gcc -c -g -O2   conftest.c >&5 -Werror=implicit-function-declaration
conftest.c:64:10: error: use of undeclared identifier '_snprintf'
   64 |   (void) _snprintf;
      |          ^~~~~~~~~
1 error generated.
configure:20939: $? = 1
configure: failed program was:
| /* confdefs.h */
| #define PACKAGE_NAME "libasprintf"
| #define PACKAGE_TARNAME "libasprintf"
| #define PACKAGE_VERSION "1.0"
| #define PACKAGE_STRING "libasprintf 1.0"
| #define PACKAGE_BUGREPORT ""
| #define PACKAGE_URL ""
| #define PACKAGE "libasprintf"
| #define VERSION "1.0"
| #define HAVE_STDIO_H 1
| #define HAVE_STDLIB_H 1
| #define HAVE_STRING_H 1
| #define HAVE_INTTYPES_H 1
| #define HAVE_STDINT_H 1
| #define HAVE_STRINGS_H 1
| #define HAVE_SYS_STAT_H 1
| #define HAVE_SYS_TYPES_H 1
| #define HAVE_UNISTD_H 1
| #define HAVE_WCHAR_H 1
| #define STDC_HEADERS 1
| #define HAVE_DLFCN_H 1
| #define LT_OBJDIR ".libs/"
| #define HAVE_UNSIGNED_LONG_LONG_INT 1
| #define HAVE_LONG_LONG_INT 1
| #define HAVE_WINT_T 1
| #define _ALL_SOURCE 1
| #define _DARWIN_C_SOURCE 1
| #define _GNU_SOURCE 1
| #define _HPUX_ALT_XOPEN_SOCKET_API 1
| #define _NETBSD_SOURCE 1
| #define _OPENBSD_SOURCE 1
| #define _POSIX_PTHREAD_SEMANTICS 1
| #define __STDC_WANT_IEC_60559_ATTRIBS_EXT__ 1
| #define __STDC_WANT_IEC_60559_BFP_EXT__ 1
| #define __STDC_WANT_IEC_60559_DFP_EXT__ 1
| #define __STDC_WANT_IEC_60559_EXT__ 1
| #define __STDC_WANT_IEC_60559_FUNCS_EXT__ 1
| #define __STDC_WANT_IEC_60559_TYPES_EXT__ 1
| #define __STDC_WANT_LIB_EXT2__ 1
| #define __STDC_WANT_MATH_SPEC_FUNCS__ 1
| #define _TANDEM_SOURCE 1
| #define __EXTENSIONS__ 1
| #define HAVE_MBSTATE_T 1
| #define HAVE_INTTYPES_H_WITH_UINTMAX 1
| #define HAVE_STDINT_H_WITH_UINTMAX 1
| #define HAVE_INTMAX_T 1
| #define HAVE_SNPRINTF 1
| #define HAVE_VASPRINTF 1
| #define HAVE_STRNLEN 1
| #define HAVE_WCSLEN 1
| #define HAVE_WCSNLEN 1
| #define HAVE_MBRTOWC 1
| #define HAVE_WCRTOMB 1
| /* end confdefs.h.  */
| #include <stdio.h>
| 
| int
| main (void)
| {
| #ifndef _snprintf
| #ifdef __cplusplus
|   (void) _snprintf;
| #else
|   (void) _snprintf;
| #endif
| #endif
| 
|   ;
|   return 0;
| }
configure:20939: result: no
configure:20952: checking whether printf supports POSIX/XSI format strings with positions
configure:20993: gcc -o conftest -g -O2   conftest.c  >&5
configure:20993: $? = 0
configure:20993: ./conftest
configure:20993: $? = 0
configure:21005: result: yes
configure:21021: checking for dvips
configure:21057: result: /Users/sedwards/gtk/source/gettext-1.0/build-aux/missing dvips
configure:21067: checking for texi2pdf
configure:21103: result: /Users/sedwards/gtk/source/gettext-1.0/build-aux/missing texi2pdf
configure:21113: checking for perl
configure:21136: found /usr/bin/perl
configure:21149: result: /usr/bin/perl
configure:21272: checking that generated files are newer than configure
configure:21278: result: done
configure:21401: creating ./config.status

## ---------------------- ##
## Running config.status. ##
## ---------------------- ##

This file was extended by libasprintf config.status 1.0, which was
generated by GNU Autoconf 2.71.  Invocation command line was

  CONFIG_FILES    = 
  CONFIG_HEADERS  = 
  CONFIG_LINKS    = 
  CONFIG_COMMANDS = 
  $ ./config.status 

on sedwards-mini.local

config.status:1265: creating Makefile
config.status:1265: creating gnulib-lib/Makefile
config.status:1265: creating config.h
config.status:1494: executing depfiles commands
config.status:1494: executing libtool commands

## ---------------- ##
## Cache variables. ##
## ---------------- ##

ac_cv_build=aarch64-apple-darwin25.4.0
ac_cv_c_compiler_gnu=yes
ac_cv_c_inline=inline
ac_cv_c_undeclared_builtin_options='none needed'
ac_cv_cxx_compiler_gnu=yes
ac_cv_env_CCC_set=
ac_cv_env_CCC_value=
ac_cv_env_CC_set=
ac_cv_env_CC_value=
ac_cv_env_CFLAGS_set=
ac_cv_env_CFLAGS_value=
ac_cv_env_CPPFLAGS_set=
ac_cv_env_CPPFLAGS_value=
ac_cv_env_CPP_set=
ac_cv_env_CPP_value=
ac_cv_env_CXXCPP_set=
ac_cv_env_CXXCPP_value=
ac_cv_env_CXXFLAGS_set=
ac_cv_env_CXXFLAGS_value=
ac_cv_env_CXX_set=
ac_cv_env_CXX_value=
ac_cv_env_LDFLAGS_set=
ac_cv_env_LDFLAGS_value=
ac_cv_env_LIBS_set=
ac_cv_env_LIBS_value=
ac_cv_env_LT_SYS_LIBRARY_PATH_set=
ac_cv_env_LT_SYS_LIBRARY_PATH_value=
ac_cv_env_build_alias_set=
ac_cv_env_build_alias_value=
ac_cv_env_host_alias_set=
ac_cv_env_host_alias_value=
ac_cv_env_target_alias_set=
ac_cv_env_target_alias_value=
ac_cv_func_mbrtowc=yes
ac_cv_func_snprintf=yes
ac_cv_func_strnlen=yes
ac_cv_func_vasprintf=yes
ac_cv_func_wcrtomb=yes
ac_cv_func_wcslen=yes
ac_cv_func_wcsnlen=yes
ac_cv_have_decl__snprintf=no
ac_cv_header_dlfcn_h=yes
ac_cv_header_features_h=no
ac_cv_header_inttypes_h=yes
ac_cv_header_minix_config_h=no
ac_cv_header_stdint_h=yes
ac_cv_header_stdio_h=yes
ac_cv_header_stdlib_h=yes
ac_cv_header_string_h=yes
ac_cv_header_strings_h=yes
ac_cv_header_sys_stat_h=yes
ac_cv_header_sys_types_h=yes
ac_cv_header_unistd_h=yes
ac_cv_header_wchar_h=yes
ac_cv_host=aarch64-apple-darwin25.4.0
ac_cv_objext=o
ac_cv_path_DVIPS='/Users/sedwards/gtk/source/gettext-1.0/build-aux/missing dvips'
ac_cv_path_EGREP='/usr/bin/grep -E'
ac_cv_path_FGREP='/usr/bin/grep -F'
ac_cv_path_GREP=/usr/bin/grep
ac_cv_path_PERL=/usr/bin/perl
ac_cv_path_SED=/Users/sedwards/gtk/bin/gsed
ac_cv_path_TEXI2PDF='/Users/sedwards/gtk/source/gettext-1.0/build-aux/missing texi2pdf'
ac_cv_path_install='/usr/bin/install -c'
ac_cv_path_lt_DD=/bin/dd
ac_cv_prog_AWK=awk
ac_cv_prog_CPP='gcc -E'
ac_cv_prog_CXXCPP='g++ -E'
ac_cv_prog_FILECMD=file
ac_cv_prog_ac_ct_AR=ar
ac_cv_prog_ac_ct_CC=gcc
ac_cv_prog_ac_ct_CXX=g++
ac_cv_prog_ac_ct_DSYMUTIL=dsymutil
ac_cv_prog_ac_ct_LIPO=lipo
ac_cv_prog_ac_ct_NMEDIT=nmedit
ac_cv_prog_ac_ct_OBJDUMP=objdump
ac_cv_prog_ac_ct_OTOOL=otool
ac_cv_prog_ac_ct_RANLIB=ranlib
ac_cv_prog_ac_ct_STRIP=strip
ac_cv_prog_cc_c11=
ac_cv_prog_cc_g=yes
ac_cv_prog_cc_stdc=
ac_cv_prog_cxx_11=no
ac_cv_prog_cxx_cxx11=
ac_cv_prog_cxx_g=yes
ac_cv_prog_cxx_stdcxx=
ac_cv_prog_make_make_set=yes
ac_cv_safe_to_define___extensions__=yes
ac_cv_should_define__xopen_source=no
ac_cv_type_long_long_int=yes
ac_cv_type_mbstate_t=yes
ac_cv_type_ptrdiff_t=yes
ac_cv_type_size_t=yes
ac_cv_type_unsigned_long_long_int=yes
am_cv_CC_dependencies_compiler_type=none
am_cv_CXX_dependencies_compiler_type=none
am_cv_filesystem_timestamp_resolution=2
am_cv_make_support_nested_variables=yes
am_cv_prog_cc_c_o=yes
am_cv_prog_tar_ustar=gnutar
am_cv_sleep_fractional_seconds=yes
am_cv_xargs_n_works=yes
gl_cv_c_amsterdam_compiler=no
gl_cv_cc_wallow=-Wno-error
gl_cv_compiler_check_decl_option=-Werror=implicit-function-declaration
gl_cv_compiler_clang=yes
gl_cv_func_printf_positions=yes
gl_cv_header_inttypes_h=yes
gl_cv_header_stdint_h=yes
gl_cv_type_wint_t_large_enough=yes
gl_cv_warn_c__Werror__Wunknown_warning_option=yes
gt_cv_c_wint_t=yes
lt_cv_apple_cc_single_mod=no
lt_cv_ar_at_file=no
lt_cv_deplibs_check_method=pass_all
lt_cv_file_magic_cmd='$MAGIC_CMD'
lt_cv_file_magic_test_file=
lt_cv_ld_exported_symbols_list=yes
lt_cv_ld_force_load=yes
lt_cv_ld_reload_flag=-r
lt_cv_nm_interface='BSD nm'
lt_cv_objdir=.libs
lt_cv_path_LD=/Applications/Xcode.app/Contents/Developer/Toolchains/XcodeDefault.xctoolchain/usr/bin/ld
lt_cv_path_LDCXX=/Applications/Xcode.app/Contents/Developer/Toolchains/XcodeDefault.xctoolchain/usr/bin/ld
lt_cv_path_NM='/usr/bin/nm -B'
lt_cv_path_manifest_tool=no
lt_cv_prog_compiler_c_o=yes
lt_cv_prog_compiler_c_o_CXX=yes
lt_cv_prog_compiler_c_o_RC=yes
lt_cv_prog_compiler_pic='-fno-common -DPIC'
lt_cv_prog_compiler_pic_CXX='-fno-common -DPIC'
lt_cv_prog_compiler_pic_works=yes
lt_cv_prog_compiler_pic_works_CXX=yes
lt_cv_prog_compiler_rtti_exceptions=yes
lt_cv_prog_compiler_static_works=no
lt_cv_prog_compiler_static_works_CXX=no
lt_cv_prog_gnu_ld=no
lt_cv_prog_gnu_ldcxx=no
lt_cv_sharedlib_from_linklib_cmd='printf %s\n'
lt_cv_support_no_fixup_chains=yes
lt_cv_sys_global_symbol_pipe='/Users/sedwards/gtk/bin/gsed -n -e '\''s/^.*[	 ]\([ABCDGIRSTW][ABCDGIRSTW]*\)[	 ][	 ]*_\([_A-Za-z][_A-Za-z0-9]*\)$/\1 _\2 \2/p'\'' | /Users/sedwards/gtk/bin/gsed '\''/ __gnu_lto/d'\'''
lt_cv_sys_global_symbol_to_c_name_address='/Users/sedwards/gtk/bin/gsed -n -e '\''s/^: \(.*\) .*$/  {"\1", (void *) 0},/p'\'' -e '\''s/^[ABCDGIRSTW][ABCDGIRSTW]* .* \(.*\)$/  {"\1", (void *) \&\1},/p'\'''
lt_cv_sys_global_symbol_to_c_name_address_lib_prefix='/Users/sedwards/gtk/bin/gsed -n -e '\''s/^: \(.*\) .*$/  {"\1", (void *) 0},/p'\'' -e '\''s/^[ABCDGIRSTW][ABCDGIRSTW]* .* \(lib.*\)$/  {"\1", (void *) \&\1},/p'\'' -e '\''s/^[ABCDGIRSTW][ABCDGIRSTW]* .* \(.*\)$/  {"lib\1", (void *) \&\1},/p'\'''
lt_cv_sys_global_symbol_to_cdecl='/Users/sedwards/gtk/bin/gsed -n -e '\''s/^T .* \(.*\)$/extern int \1();/p'\'' -e '\''s/^[ABCDGIRSTW][ABCDGIRSTW]* .* \(.*\)$/extern char \1;/p'\'''
lt_cv_sys_global_symbol_to_import=
lt_cv_sys_max_cmd_len=786432
lt_cv_to_host_file_cmd=func_convert_file_noop
lt_cv_to_tool_file_cmd=func_convert_file_noop
lt_cv_truncate_bin='/bin/dd bs=4096 count=1'

## ----------------- ##
## Output variables. ##
## ----------------- ##

ACLOCAL='${SHELL} '\''/Users/sedwards/gtk/source/gettext-1.0/build-aux/missing'\'' aclocal-1.18'
AMDEPBACKSLASH=''
AMDEP_FALSE=''
AMDEP_TRUE='#'
AMTAR='$${TAR-tar}'
AM_BACKSLASH='\'
AM_DEFAULT_V='$(AM_DEFAULT_VERBOSITY)'
AM_DEFAULT_VERBOSITY='1'
AM_V='$(V)'
AR='ar'
ARFLAGS='cr'
AS='as'
AUTOCONF='${SHELL} '\''/Users/sedwards/gtk/source/gettext-1.0/build-aux/missing'\'' autoconf'
AUTOHEADER='${SHELL} '\''/Users/sedwards/gtk/source/gettext-1.0/build-aux/missing'\'' autoheader'
AUTOMAKE='${SHELL} '\''/Users/sedwards/gtk/source/gettext-1.0/build-aux/missing'\'' automake-1.18'
AWK='awk'
CC='gcc'
CCDEPMODE='depmode=none'
CFLAGS='-g -O2'
CPP='gcc -E'
CPPFLAGS=''
CSCOPE='cscope'
CTAGS='ctags'
CXX='g++'
CXXCPP='g++ -E'
CXXDEPMODE='depmode=none'
CXXFLAGS='-g -O2'
CYGPATH_W='echo'
DEFS='-DHAVE_CONFIG_H'
DEPDIR='.deps'
DLLTOOL='false'
DSYMUTIL='dsymutil'
DUMPBIN=''
DVIPS='/Users/sedwards/gtk/source/gettext-1.0/build-aux/missing dvips'
ECHO_C='\c'
ECHO_N=''
ECHO_T=''
EGREP='/usr/bin/grep -E'
ETAGS='etags'
EXEEXT=''
FGREP='/usr/bin/grep -F'
FILECMD='file'
FOREIGN_WARN_CFLAGS=''
GL_CFLAG_ALLOW_WARNINGS='-Wno-error'
GL_CFLAG_GNULIB_WARNINGS=' -Wno-cast-qual -Wno-conversion -Wno-float-equal -Wno-sign-compare -Wno-undef -Wno-unused-function -Wno-unused-parameter -Wno-float-conversion -Wimplicit-fallthrough -Wno-pedantic -Wno-string-plus-int -Wno-tautological-constant-out-of-range-compare -Wno-sign-conversion -Wno-type-limits -Wno-unused-const-variable'
GL_COND_LIBTOOL_FALSE=''
GL_COND_LIBTOOL_TRUE='#'
GNULIBHEADERS_OVERRIDE_WINT_T='0'
GREP='/usr/bin/grep'
INSTALL_DATA='${INSTALL} -m 644'
INSTALL_PROGRAM='${INSTALL}'
INSTALL_SCRIPT='${INSTALL}'
INSTALL_STRIP_PROGRAM='$(install_sh) -c -s'
LD='/Applications/Xcode.app/Contents/Developer/Toolchains/XcodeDefault.xctoolchain/usr/bin/ld'
LDFLAGS=''
LIBGNU_LIBDEPS=''
LIBGNU_LTLIBDEPS=''
LIBOBJS=''
LIBS=''
LIBTOOL='$(SHELL) $(top_builddir)/libtool'
LIPO='lipo'
LN_S='ln -s'
LTLIBOBJS=''
LTNOUNDEF=''
LT_SYS_LIBRARY_PATH=''
MAKEINFO='${SHELL} '\''/Users/sedwards/gtk/source/gettext-1.0/build-aux/missing'\'' makeinfo'
MANIFEST_TOOL=':'
MKDIR_P='./../../build-aux/install-sh -c -d'
NM='/usr/bin/nm -B'
NMEDIT='nmedit'
NO_EXPENSIVE_WARN_CFLAGS=''
OBJDUMP='objdump'
OBJEXT='o'
OTOOL64=':'
OTOOL='otool'
PACKAGE='libasprintf'
PACKAGE_BUGREPORT=''
PACKAGE_NAME='libasprintf'
PACKAGE_STRING='libasprintf 1.0'
PACKAGE_TARNAME='libasprintf'
PACKAGE_URL=''
PACKAGE_VERSION='1.0'
PATH_SEPARATOR=':'
PERL='/usr/bin/perl'
RANLIB='ranlib'
RC=''
SED='/Users/sedwards/gtk/bin/gsed'
SET_MAKE=''
SHELL='/bin/sh'
STRIP='strip'
TEXI2PDF='/Users/sedwards/gtk/source/gettext-1.0/build-aux/missing texi2pdf'
VERSION='1.0'
WARN_CFLAGS=''
WOE32_FALSE=''
WOE32_TRUE='#'
ac_ct_AR='ar'
ac_ct_CC='gcc'
ac_ct_CXX='g++'
ac_ct_DUMPBIN=''
am__EXEEXT_FALSE=''
am__EXEEXT_TRUE='#'
am__fastdepCC_FALSE=''
am__fastdepCC_TRUE='#'
am__fastdepCXX_FALSE=''
am__fastdepCXX_TRUE='#'
am__include='include'
am__isrc=''
am__leading_dot='.'
am__nodep=''
am__quote=''
am__rm_f_notfound=''
am__tar='tar --format=ustar -chf - "$$tardir"'
am__untar='tar -xf -'
am__xargs_n='xargs -n'
bindir='${exec_prefix}/bin'
build='aarch64-apple-darwin25.4.0'
build_alias=''
build_cpu='aarch64'
build_os='darwin25.4.0'
build_vendor='apple'
datadir='${datarootdir}'
datarootdir='${prefix}/share'
docdir='${datarootdir}/doc/${PACKAGE_TARNAME}'
dvidir='${docdir}'
exec_prefix='${prefix}'
gl_LIBOBJDEPS=''
gl_LIBOBJS=''
gl_LTLIBOBJS=''
gl_libgnu_LIBOBJDEPS=''
gl_libgnu_LIBOBJS=''
gl_libgnu_LTLIBOBJS=''
gltests_LIBOBJDEPS=''
gltests_LIBOBJS=''
gltests_LTLIBOBJS=''
gltests_WITNESS='IN_LIBASPRINTF_GNULIB_TESTS'
gltests_libgnu_LIBOBJDEPS=''
gltests_libgnu_LIBOBJS=''
gltests_libgnu_LTLIBOBJS=''
host='aarch64-apple-darwin25.4.0'
host_alias=''
host_cpu='aarch64'
host_os='darwin25.4.0'
host_vendor='apple'
htmldir='${docdir}'
includedir='${prefix}/include'
infodir='${datarootdir}/info'
install_sh='${SHELL} /Users/sedwards/gtk/source/gettext-1.0/build-aux/install-sh'
libdir='${exec_prefix}/lib'
libexecdir='${exec_prefix}/libexec'
localedir='${datarootdir}/locale'
localstatedir='${prefix}/var'
mandir='${datarootdir}/man'
mkdir_p='$(MKDIR_P)'
oldincludedir='/usr/include'
pdfdir='${docdir}'
prefix='/Users/sedwards/gtk'
program_transform_name='s,x,x,'
psdir='${docdir}'
runstatedir='${localstatedir}/run'
sbindir='${exec_prefix}/sbin'
sharedstatedir='${prefix}/com'
sysconfdir='${prefix}/etc'
target_alias=''

## ----------- ##
## confdefs.h. ##
## ----------- ##

/* confdefs.h */
#define PACKAGE_NAME "libasprintf"
#define PACKAGE_TARNAME "libasprintf"
#define PACKAGE_VERSION "1.0"
#define PACKAGE_STRING "libasprintf 1.0"
#define PACKAGE_BUGREPORT ""
#define PACKAGE_URL ""
#define PACKAGE "libasprintf"
#define VERSION "1.0"
#define HAVE_STDIO_H 1
#define HAVE_STDLIB_H 1
#define HAVE_STRING_H 1
#define HAVE_INTTYPES_H 1
#define HAVE_STDINT_H 1
#define HAVE_STRINGS_H 1
#define HAVE_SYS_STAT_H 1
#define HAVE_SYS_TYPES_H 1
#define HAVE_UNISTD_H 1
#define HAVE_WCHAR_H 1
#define STDC_HEADERS 1
#define HAVE_DLFCN_H 1
#define LT_OBJDIR ".libs/"
#define HAVE_UNSIGNED_LONG_LONG_INT 1
#define HAVE_LONG_LONG_INT 1
#define HAVE_WINT_T 1
#define _ALL_SOURCE 1
#define _DARWIN_C_SOURCE 1
#define _GNU_SOURCE 1
#define _HPUX_ALT_XOPEN_SOCKET_API 1
#define _NETBSD_SOURCE 1
#define _OPENBSD_SOURCE 1
#define _POSIX_PTHREAD_SEMANTICS 1
#define __STDC_WANT_IEC_60559_ATTRIBS_EXT__ 1
#define __STDC_WANT_IEC_60559_BFP_EXT__ 1
#define __STDC_WANT_IEC_60559_DFP_EXT__ 1
#define __STDC_WANT_IEC_60559_EXT__ 1
#define __STDC_WANT_IEC_60559_FUNCS_EXT__ 1
#define __STDC_WANT_IEC_60559_TYPES_EXT__ 1
#define __STDC_WANT_LIB_EXT2__ 1
#define __STDC_WANT_MATH_SPEC_FUNCS__ 1
#define _TANDEM_SOURCE 1
#define __EXTENSIONS__ 1
#define HAVE_MBSTATE_T 1
#define HAVE_INTTYPES_H_WITH_UINTMAX 1
#define HAVE_STDINT_H_WITH_UINTMAX 1
#define HAVE_INTMAX_T 1
#define HAVE_SNPRINTF 1
#define HAVE_VASPRINTF 1
#define HAVE_STRNLEN 1
#define HAVE_WCSLEN 1
#define HAVE_WCSNLEN 1
#define HAVE_MBRTOWC 1
#define HAVE_WCRTOMB 1
#define HAVE_DECL__SNPRINTF 0
#define HAVE_POSIX_PRINTF 1

configure: exit 0
