This file contains any messages produced by compilers while
running configure, to aid debugging if configure makes a mistake.

It was created by gettext configure package, which was
generated by GNU Autoconf 2.71.  Invocation command line was

  $ ./configure --disable-option-checking --prefix=/Users/sedwards/gtk --build=arm64-apple-darwin --host=arm64-apple-darwin M4=/Users/sedwards/gtk/bin/m4 --disable-dependency-tracking --with-included-gettext --without-libxml2 --disable-java --disable-d --disable-csharp --disable-curses --disable-libasprintf --disable-modula2 --without-libncurses-prefix --without-libtermcap-prefix --without-libxcurses-prefix --without-libcurses-prefix --without-libtextstyle-prefix --with-included-libunistring --without-emacs build_alias=arm64-apple-darwin host_alias=arm64-apple-darwin --cache-file=/dev/null --srcdir=.

## --------- ##
## Platform. ##
## --------- ##

hostname = sedwards-mini.local
uname -m = arm64
uname -r = 25.4.0
uname -s = Darwin
uname -v = Darwin Kernel Version 25.4.0: Thu Mar 19 19:31:09 PDT 2026; root:xnu-12377.101.15~1/RELEASE_ARM64_T8132

/usr/bin/uname -p = arm
/bin/uname -X     = unknown

/bin/arch              = unknown
/usr/bin/arch -k       = unknown
/usr/convex/getsysinfo = unknown
/usr/bin/hostinfo      = Mach kernel version:
	 Darwin Kernel Version 25.4.0: Thu Mar 19 19:31:09 PDT 2026; root:xnu-12377.101.15~1/RELEASE_ARM64_T8132
Kernel configured for up to 10 processors.
10 processors are physically available.
10 processors are logically available.
Processor type: arm64e (ARM64E)
Processors active: 0 1 2 3 4 5 6 7 8 9
Primary memory available: 16.00 gigabytes
Default processor set: 631 tasks, 2332 threads, 10 processors
Load average: 2.80, Mach factor: 7.19
/bin/machine           = unknown
/usr/bin/oslevel       = unknown
/bin/universe          = unknown

PATH: /Users/sedwards/gtk/bin/
PATH: /usr/bin/
PATH: /bin/
PATH: /usr/sbin/
PATH: /sbin/


## ----------- ##
## Core tests. ##
## ----------- ##

configure:1728: looking for aux files: missing install-sh
configure:1741:  trying ./../../build-aux/
configure:1770:   ./../../build-aux/missing found
configure:1752:   ./../../build-aux/install-sh found
configure:1908: checking for a BSD-compatible install
configure:1981: result: /usr/bin/install -c
configure:1992: checking whether sleep supports fractional seconds
configure:2006: result: yes
configure:2009: checking filesystem timestamp resolution
configure:2143: result: 2
configure:2148: checking whether build environment is sane
configure:2193: result: yes
configure:2361: checking for a race-free mkdir -p
configure:2405: result: ./../../build-aux/install-sh -c -d
configure:2412: checking for gawk
configure:2447: result: no
configure:2412: checking for mawk
configure:2447: result: no
configure:2412: checking for nawk
configure:2447: result: no
configure:2412: checking for awk
configure:2433: found /usr/bin/awk
configure:2444: result: awk
configure:2455: checking whether make sets $(MAKE)
configure:2478: result: yes
configure:2504: checking whether make supports nested variables
configure:2522: result: yes
configure:2535: checking xargs -n works
configure:2549: result: yes
configure:2630: checking whether UID '501' is supported by ustar format
configure:2636: result: yes
configure:2643: checking whether GID '20' is supported by ustar format
configure:2649: result: yes
configure:2657: checking how to create a ustar tar archive
configure:2668: tar --version
bsdtar 3.5.3 - libarchive 3.7.4 zlib/1.2.12 liblzma/5.4.3 bz2lib/1.0.8 
configure:2671: $? = 0
configure:2711: tardir=conftest.dir && eval tar --format=ustar -chf - "$tardir" >conftest.tar
configure:2714: $? = 0
configure:2718: tar -xf - <conftest.tar
configure:2721: $? = 0
configure:2723: cat conftest.dir/file
GrepMe
configure:2726: $? = 0
configure:2740: result: gnutar
configure:2792: checking for a sed that does not truncate output
configure:2862: result: /Users/sedwards/gtk/bin/gsed
configure:2868: checking whether NLS is requested
configure:2878: result: yes
configure:2918: checking for msgfmt
configure:2954: result: no
configure:2960: checking for gmsgfmt
configure:2996: result: :
configure:3041: checking for xgettext
configure:3077: result: no
configure:3119: checking for msgmerge
configure:3154: result: no
configure:3339: checking that generated files are newer than configure
configure:3345: result: done
configure:3365: creating ./config.status

## ---------------------- ##
## Running config.status. ##
## ---------------------- ##

This file was extended by gettext config.status package, which was
generated by GNU Autoconf 2.71.  Invocation command line was

  CONFIG_FILES    = 
  CONFIG_HEADERS  = 
  CONFIG_LINKS    = 
  CONFIG_COMMANDS = 
  $ ./config.status 

on sedwards-mini.local

config.status:762: creating Makefile
config.status:762: creating installpaths
config.status:762: creating po/Makefile
config.status:934: executing po-directories commands

## ---------------- ##
## Cache variables. ##
## ---------------- ##

ac_cv_env_build_alias_set=set
ac_cv_env_build_alias_value=arm64-apple-darwin
ac_cv_env_host_alias_set=set
ac_cv_env_host_alias_value=arm64-apple-darwin
ac_cv_env_target_alias_set=
ac_cv_env_target_alias_value=
ac_cv_path_GMSGFMT=:
ac_cv_path_MSGFMT=:
ac_cv_path_MSGMERGE=:
ac_cv_path_SED=/Users/sedwards/gtk/bin/gsed
ac_cv_path_XGETTEXT=:
ac_cv_path_install='/usr/bin/install -c'
ac_cv_prog_AWK=awk
ac_cv_prog_make_make_set=yes
am_cv_filesystem_timestamp_resolution=2
am_cv_make_support_nested_variables=yes
am_cv_prog_tar_ustar=gnutar
am_cv_sleep_fractional_seconds=yes
am_cv_xargs_n_works=yes

## ----------------- ##
## Output variables. ##
## ----------------- ##

ACLOCAL='${SHELL} '\''/Users/sedwards/gtk/source/gettext-1.0/build-aux/missing'\'' aclocal-1.18'
AMTAR='$${TAR-tar}'
AM_BACKSLASH='\'
AM_DEFAULT_V='$(AM_DEFAULT_VERBOSITY)'
AM_DEFAULT_VERBOSITY='1'
AM_V='$(V)'
AUTOCONF='${SHELL} '\''/Users/sedwards/gtk/source/gettext-1.0/build-aux/missing'\'' autoconf'
AUTOHEADER='${SHELL} '\''/Users/sedwards/gtk/source/gettext-1.0/build-aux/missing'\'' autoheader'
AUTOMAKE='${SHELL} '\''/Users/sedwards/gtk/source/gettext-1.0/build-aux/missing'\'' automake-1.18'
AWK='awk'
CSCOPE='cscope'
CTAGS='ctags'
CYGPATH_W='echo'
DEFS='-DPACKAGE_NAME=\"gettext\" -DPACKAGE_TARNAME=\"gettext\" -DPACKAGE_VERSION=\"package\" -DPACKAGE_STRING=\"gettext\ package\" -DPACKAGE_BUGREPORT=\"bug-gettext@gnu.org\" -DPACKAGE_URL=\"\" -DPACKAGE_VERSION=\"1.0\" -DPACKAGE_STRING=\"gettext\ 1.0\" -DPACKAGE=\"gettext\" -DVERSION=\"1.0\"'
DESIRED_LINGUAS='$(ALL_LINGUAS)'
ECHO_C='\c'
ECHO_N=''
ECHO_T=''
ETAGS='etags'
GETTEXT_MACRO_VERSION='0.24'
GMSGFMT=':'
GMSGFMT_015=':'
INSTALL_DATA='${INSTALL} -m 644'
INSTALL_PROGRAM='${INSTALL}'
INSTALL_SCRIPT='${INSTALL}'
INSTALL_STRIP_PROGRAM='$(install_sh) -c -s'
LIBOBJS=''
LIBS=''
LTLIBOBJS=''
MAKEINFO='${SHELL} '\''/Users/sedwards/gtk/source/gettext-1.0/build-aux/missing'\'' makeinfo'
MKDIR_P='./../../build-aux/install-sh -c -d'
MSGFMT=':'
MSGMERGE=':'
MSGMERGE_FOR_MSGFMT_OPTION='--no-location --quiet'
PACKAGE='gettext'
PACKAGE_BUGREPORT='bug-gettext@gnu.org'
PACKAGE_NAME='gettext'
PACKAGE_STRING='gettext 1.0'
PACKAGE_TARNAME='gettext'
PACKAGE_URL=''
PACKAGE_VERSION='1.0'
PATH_SEPARATOR=':'
SED='/Users/sedwards/gtk/bin/gsed'
SET_MAKE=''
SHELL='/bin/sh'
STRIP=''
USE_NLS='yes'
VERSION='1.0'
XGETTEXT=':'
XGETTEXT_015=':'
XGETTEXT_EXTRA_OPTIONS=''
aclocaldir='${datadir}/aclocal'
am__isrc=''
am__leading_dot='.'
am__rm_f_notfound=''
am__tar='tar --format=ustar -chf - "$$tardir"'
am__untar='tar -xf -'
am__xargs_n='xargs -n'
bindir='${exec_prefix}/bin'
build_alias='arm64-apple-darwin'
datadir='${datarootdir}'
datarootdir='${prefix}/share'
docdir='${datarootdir}/doc/gettext'
dvidir='${docdir}'
exec_prefix='${prefix}'
host_alias='arm64-apple-darwin'
htmldir='${docdir}'
includedir='${prefix}/include'
infodir='${datarootdir}/info'
install_sh='${SHELL} /Users/sedwards/gtk/source/gettext-1.0/build-aux/install-sh'
libdir='${exec_prefix}/lib'
libexecdir='${exec_prefix}/libexec'
localedir='${datarootdir}/locale'
localstatedir='${prefix}/var'
mandir='${datarootdir}/man'
mkdir_p='$(MKDIR_P)'
oldincludedir='/usr/include'
pdfdir='${docdir}'
prefix='/Users/sedwards/gtk'
program_transform_name='s,x,x,'
psdir='${docdir}'
runstatedir='${localstatedir}/run'
sbindir='${exec_prefix}/sbin'
sharedstatedir='${prefix}/com'
sysconfdir='${prefix}/etc'
target_alias=''

## ----------- ##
## confdefs.h. ##
## ----------- ##

/* confdefs.h */
#define PACKAGE_NAME "gettext"
#define PACKAGE_TARNAME "gettext"
#define PACKAGE_VERSION "package"
#define PACKAGE_STRING "gettext package"
#define PACKAGE_BUGREPORT "bug-gettext@gnu.org"
#define PACKAGE_URL ""
#undef PACKAGE_VERSION
#define PACKAGE_VERSION "1.0"
#undef PACKAGE_STRING
#define PACKAGE_STRING "gettext 1.0"
#define PACKAGE "gettext"
#define VERSION "1.0"

configure: exit 0
